#######
LanguageClient 0.1.120 
#######
12:36:37 INFO main src/vim.rs:92 => None {"jsonrpc":"2.0","method":"eval","params":["[!!get(g:, 'LanguageClient_autoStart', 1), get(g:, 'LanguageClient_serverCommands', {}), get(g:, 'LanguageClient_selectionUI', v:null), get(g:, 'LanguageClient_trace', v:null), expand(get(g:, 'LanguageClient_settingsPath', '.vim/settings.json')), !!get(g:, 'LanguageClient_loadSettings', 1), get(g:, 'LanguageClient_rootMarkers', v:null), get(g:, 'LanguageClient_changeThrottle', v:null), get(g:, 'LanguageClient_waitOutputTimeout', v:null), !!get(g:, 'LanguageClient_diagnosticsEnable', 1), get(g:, 'LanguageClient_diagnosticsList', 'Quickfix'), get(g:, 'LanguageClient_diagnosticsDisplay', {}), get(g:, 'LanguageClient_windowLogMessageLevel', 'Warning'), get(g:, 'LanguageClient_hoverPreview', 'Auto'), get(g:, 'LanguageClient_completionPreferTextEdit', 0), has('nvim')]"],"id":41}
12:36:37 INFO reader-main src/vim.rs:380 <= None {"id": 41, "jsonrpc": "2.0", "result": [1, {}, null, null, ".vim/settings.json", 1, null, null, null, 1, "Quickfix", {}, "Warning", "Auto", 1, 1]}
12:36:37 INFO main src/vim.rs:92 => None {"jsonrpc":"2.0","method":"eval","params":["[get(g:, 'LanguageClient_diagnosticsSignsMax', v:null), get(g:, 'LanguageClient_documentHighlightDisplay', {})]"],"id":42}
12:36:37 INFO reader-main src/vim.rs:380 <= None {"id": 42, "jsonrpc": "2.0", "result": [null, {}]}
12:36:37 INFO main src/vim.rs:92 => None {"jsonrpc":"2.0","method":"eval","params":["get(g:, 'loaded_fzf')"],"id":43}
12:36:37 INFO reader-main src/vim.rs:380 <= None {"id": 43, "jsonrpc": "2.0", "result": 1}
12:36:37 WARN main src/languageclient.rs:2173 Failed to start language server automatically. No language server command found for file type: markdown.
12:36:37 INFO main src/languageclient.rs:2178 End languageClient/handleBufReadPost
12:36:37 INFO main src/languageclient.rs:2235 Begin languageClient/handleCursorMoved
12:36:37 INFO main src/languageclient.rs:48 gather_args: [Buftype, Filename, Line] = [String(""), String("/home/daniel/www/phpactor/docblock/README.md"), Number(0)]
12:36:37 INFO main src/languageclient.rs:48 gather_args: ["LSP#visible_line_start()", "LSP#visible_line_end()"] = [Number(0), Number(22)]
12:36:37 INFO main src/languageclient.rs:2283 Updating signs: []
12:36:37 INFO main src/vim.rs:92 => None {"jsonrpc":"2.0","method":"execute","params":[],"id":44}
12:36:37 INFO reader-main src/vim.rs:380 <= None {"id": 44, "jsonrpc": "2.0", "result": 0}
12:36:37 INFO main src/vim.rs:92 => None {"jsonrpc":"2.0","method":"nvim_buf_clear_highlight","params":[0,1,0,22]}
12:36:37 INFO main src/vim.rs:92 => None {"jsonrpc":"2.0","method":"s:AddHighlights","params":[1,[]]}
12:36:37 INFO main src/languageclient.rs:2325 End languageClient/handleCursorMoved
12:36:37 INFO reader-main src/vim.rs:380 <= None {"method": "languageClient/handleCursorMoved", "jsonrpc": "2.0", "params": {"languageId": "markdown", "line": 1, "LSP#visible_line_start()": 0, "LSP#visible_line_end()": 22, "buftype": "", "filename": "/home/daniel/www/phpactor/docblock/README.md"}}
12:36:37 INFO main src/languageclient.rs:2235 Begin languageClient/handleCursorMoved
12:36:37 INFO main src/languageclient.rs:48 gather_args: [Buftype, Filename, Line] = [String(""), String("/home/daniel/www/phpactor/docblock/README.md"), Number(1)]
12:36:37 INFO main src/languageclient.rs:48 gather_args: ["LSP#visible_line_start()", "LSP#visible_line_end()"] = [Number(0), Number(22)]
12:36:37 INFO main src/languageclient.rs:2325 End languageClient/handleCursorMoved
12:36:38 INFO reader-main src/vim.rs:380 <= None {"method": "languageClient/handleCursorMoved", "jsonrpc": "2.0", "params": {"languageId": "markdown", "line": 2, "LSP#visible_line_start()": 0, "LSP#visible_line_end()": 22, "buftype": "", "filename": "/home/daniel/www/phpactor/docblock/README.md"}}
12:36:38 INFO main src/languageclient.rs:2235 Begin languageClient/handleCursorMoved
12:36:38 INFO main src/languageclient.rs:48 gather_args: [Buftype, Filename, Line] = [String(""), String("/home/daniel/www/phpactor/docblock/README.md"), Number(2)]
12:36:38 INFO main src/languageclient.rs:48 gather_args: ["LSP#visible_line_start()", "LSP#visible_line_end()"] = [Number(0), Number(22)]
12:36:38 INFO main src/languageclient.rs:2325 End languageClient/handleCursorMoved
12:36:38 INFO reader-main src/vim.rs:380 <= None {"method": "languageClient/handleCursorMoved", "jsonrpc": "2.0", "params": {"languageId": "markdown", "line": 3, "LSP#visible_line_start()": 0, "LSP#visible_line_end()": 22, "buftype": "", "filename": "/home/daniel/www/phpactor/docblock/README.md"}}
12:36:38 INFO main src/languageclient.rs:2235 Begin languageClient/handleCursorMoved
12:36:38 INFO main src/languageclient.rs:48 gather_args: [Buftype, Filename, Line] = [String(""), String("/home/daniel/www/phpactor/docblock/README.md"), Number(3)]
12:36:38 INFO main src/languageclient.rs:48 gather_args: ["LSP#visible_line_start()", "LSP#visible_line_end()"] = [Number(0), Number(22)]
12:36:38 INFO main src/languageclient.rs:2325 End languageClient/handleCursorMoved
12:36:38 INFO reader-main src/vim.rs:380 <= None {"method": "languageClient/handleCursorMoved", "jsonrpc": "2.0", "params": {"languageId": "markdown", "line": 4, "LSP#visible_line_start()": 0, "LSP#visible_line_end()": 22, "buftype": "", "filename": "/home/daniel/www/phpactor/docblock/README.md"}}
12:36:38 INFO main src/languageclient.rs:2235 Begin languageClient/handleCursorMoved
12:36:38 INFO main src/languageclient.rs:48 gather_args: [Buftype, Filename, Line] = [String(""), String("/home/daniel/www/phpactor/docblock/README.md"), Number(4)]
12:36:38 INFO main src/languageclient.rs:48 gather_args: ["LSP#visible_line_start()", "LSP#visible_line_end()"] = [Number(0), Number(22)]
12:36:38 INFO main src/languageclient.rs:2325 End languageClient/handleCursorMoved
12:36:38 INFO reader-main src/vim.rs:380 <= None {"method": "languageClient/handleCursorMoved", "jsonrpc": "2.0", "params": {"languageId": "markdown", "line": 5, "LSP#visible_line_start()": 0, "LSP#visible_line_end()": 22, "buftype": "", "filename": "/home/daniel/www/phpactor/docblock/README.md"}}
12:36:38 INFO main src/languageclient.rs:2235 Begin languageClient/handleCursorMoved
12:36:38 INFO main src/languageclient.rs:48 gather_args: [Buftype, Filename, Line] = [String(""), String("/home/daniel/www/phpactor/docblock/README.md"), Number(5)]
12:36:38 INFO main src/languageclient.rs:48 gather_args: ["LSP#visible_line_start()", "LSP#visible_line_end()"] = [Number(0), Number(22)]
12:36:38 INFO main src/languageclient.rs:2325 End languageClient/handleCursorMoved
12:36:38 INFO reader-main src/vim.rs:380 <= None {"method": "languageClient/handleCursorMoved", "jsonrpc": "2.0", "params": {"languageId": "markdown", "line": 6, "LSP#visible_line_start()": 0, "LSP#visible_line_end()": 22, "buftype": "", "filename": "/home/daniel/www/phpactor/docblock/README.md"}}
12:36:38 INFO main src/languageclient.rs:2235 Begin languageClient/handleCursorMoved
12:36:38 INFO main src/languageclient.rs:48 gather_args: [Buftype, Filename, Line] = [String(""), String("/home/daniel/www/phpactor/docblock/README.md"), Number(6)]
12:36:38 INFO main src/languageclient.rs:48 gather_args: ["LSP#visible_line_start()", "LSP#visible_line_end()"] = [Number(0), Number(22)]
12:36:38 INFO main src/languageclient.rs:2325 End languageClient/handleCursorMoved
12:36:38 INFO reader-main src/vim.rs:380 <= None {"method": "languageClient/handleCursorMoved", "jsonrpc": "2.0", "params": {"languageId": "markdown", "line": 7, "LSP#visible_line_start()": 0, "LSP#visible_line_end()": 22, "buftype": "", "filename": "/home/daniel/www/phpactor/docblock/README.md"}}
12:36:38 INFO main src/languageclient.rs:2235 Begin languageClient/handleCursorMoved
12:36:38 INFO main src/languageclient.rs:48 gather_args: [Buftype, Filename, Line] = [String(""), String("/home/daniel/www/phpactor/docblock/README.md"), Number(7)]
12:36:38 INFO main src/languageclient.rs:48 gather_args: ["LSP#visible_line_start()", "LSP#visible_line_end()"] = [Number(0), Number(22)]
12:36:38 INFO main src/languageclient.rs:2325 End languageClient/handleCursorMoved
12:36:38 INFO reader-main src/vim.rs:380 <= None {"method": "languageClient/handleCursorMoved", "jsonrpc": "2.0", "params": {"languageId": "markdown", "line": 8, "LSP#visible_line_start()": 0, "LSP#visible_line_end()": 22, "buftype": "", "filename": "/home/daniel/www/phpactor/docblock/README.md"}}
12:36:38 INFO main src/languageclient.rs:2235 Begin languageClient/handleCursorMoved
12:36:38 INFO main src/languageclient.rs:48 gather_args: [Buftype, Filename, Line] = [String(""), String("/home/daniel/www/phpactor/docblock/README.md"), Number(8)]
12:36:38 INFO main src/languageclient.rs:48 gather_args: ["LSP#visible_line_start()", "LSP#visible_line_end()"] = [Number(0), Number(22)]
12:36:38 INFO main src/languageclient.rs:2325 End languageClient/handleCursorMoved
12:36:38 INFO reader-main src/vim.rs:380 <= None {"method": "languageClient/handleCursorMoved", "jsonrpc": "2.0", "params": {"languageId": "markdown", "line": 9, "LSP#visible_line_start()": 0, "LSP#visible_line_end()": 22, "buftype": "", "filename": "/home/daniel/www/phpactor/docblock/README.md"}}
12:36:38 INFO main src/languageclient.rs:2235 Begin languageClient/handleCursorMoved
12:36:38 INFO main src/languageclient.rs:48 gather_args: [Buftype, Filename, Line] = [String(""), String("/home/daniel/www/phpactor/docblock/README.md"), Number(9)]
12:36:38 INFO main src/languageclient.rs:48 gather_args: ["LSP#visible_line_start()", "LSP#visible_line_end()"] = [Number(0), Number(22)]
12:36:38 INFO main src/languageclient.rs:2325 End languageClient/handleCursorMoved
12:37:06 INFO reader-main src/vim.rs:380 <= None {"method": "languageClient/handleCursorMoved", "jsonrpc": "2.0", "params": {"languageId": "markdown", "line": 9, "LSP#visible_line_start()": 0, "LSP#visible_line_end()": 22, "buftype": "", "filename": "/home/daniel/www/phpactor/docblock/README.md"}}
12:37:06 INFO main src/languageclient.rs:2235 Begin languageClient/handleCursorMoved
12:37:06 INFO main src/languageclient.rs:48 gather_args: [Buftype, Filename, Line] = [String(""), String("/home/daniel/www/phpactor/docblock/README.md"), Number(9)]
12:37:06 INFO main src/languageclient.rs:48 gather_args: ["LSP#visible_line_start()", "LSP#visible_line_end()"] = [Number(0), Number(22)]
12:37:06 INFO main src/languageclient.rs:2325 End languageClient/handleCursorMoved
12:37:06 INFO reader-main src/vim.rs:380 <= None {"method": "languageClient/handleCursorMoved", "jsonrpc": "2.0", "params": {"languageId": "markdown", "line": 10, "LSP#visible_line_start()": 0, "LSP#visible_line_end()": 22, "buftype": "", "filename": "/home/daniel/www/phpactor/docblock/README.md"}}
12:37:06 INFO main src/languageclient.rs:2235 Begin languageClient/handleCursorMoved
12:37:06 INFO main src/languageclient.rs:48 gather_args: [Buftype, Filename, Line] = [String(""), String("/home/daniel/www/phpactor/docblock/README.md"), Number(10)]
12:37:06 INFO main src/languageclient.rs:48 gather_args: ["LSP#visible_line_start()", "LSP#visible_line_end()"] = [Number(0), Number(22)]
12:37:06 INFO main src/languageclient.rs:2325 End languageClient/handleCursorMoved
12:37:07 INFO reader-main src/vim.rs:380 <= None {"method": "languageClient/handleCursorMoved", "jsonrpc": "2.0", "params": {"languageId": "markdown", "line": 11, "LSP#visible_line_start()": 0, "LSP#visible_line_end()": 22, "buftype": "", "filename": "/home/daniel/www/phpactor/docblock/README.md"}}
12:37:07 INFO main src/languageclient.rs:2235 Begin languageClient/handleCursorMoved
12:37:07 INFO main src/languageclient.rs:48 gather_args: [Buftype, Filename, Line] = [String(""), String("/home/daniel/www/phpactor/docblock/README.md"), Number(11)]
12:37:07 INFO main src/languageclient.rs:48 gather_args: ["LSP#visible_line_start()", "LSP#visible_line_end()"] = [Number(0), Number(22)]
12:37:07 INFO main src/languageclient.rs:2325 End languageClient/handleCursorMoved
12:47:29 INFO reader-main src/vim.rs:380 <= None {"method": "languageClient/handleCursorMoved", "jsonrpc": "2.0", "params": {"languageId": "json", "line": 2, "LSP#visible_line_start()": 0, "LSP#visible_line_end()": 28, "buftype": "", "filename": "/home/daniel/www/phpactor/docblock/composer.json"}}
12:47:29 INFO main src/languageclient.rs:2235 Begin languageClient/handleCursorMoved
12:47:29 INFO main src/languageclient.rs:48 gather_args: [Buftype, Filename, Line] = [String(""), String("/home/daniel/www/phpactor/docblock/composer.json"), Number(2)]
12:47:29 INFO main src/languageclient.rs:48 gather_args: ["LSP#visible_line_start()", "LSP#visible_line_end()"] = [Number(0), Number(28)]
12:47:29 INFO main src/languageclient.rs:2325 End languageClient/handleCursorMoved
12:47:30 INFO reader-main src/vim.rs:380 <= None {"method": "languageClient/handleCursorMoved", "jsonrpc": "2.0", "params": {"languageId": "json", "line": 1, "LSP#visible_line_start()": 0, "LSP#visible_line_end()": 28, "buftype": "", "filename": "/home/daniel/www/phpactor/docblock/composer.json"}}
12:47:30 INFO main src/languageclient.rs:2235 Begin languageClient/handleCursorMoved
12:47:30 INFO main src/languageclient.rs:48 gather_args: [Buftype, Filename, Line] = [String(""), String("/home/daniel/www/phpactor/docblock/composer.json"), Number(1)]
12:47:30 INFO main src/languageclient.rs:48 gather_args: ["LSP#visible_line_start()", "LSP#visible_line_end()"] = [Number(0), Number(28)]
12:47:30 INFO main src/languageclient.rs:2325 End languageClient/handleCursorMoved
12:47:31 INFO reader-main src/vim.rs:380 <= None {"method": "languageClient/handleCursorMoved", "jsonrpc": "2.0", "params": {"languageId": "json", "line": 2, "LSP#visible_line_start()": 0, "LSP#visible_line_end()": 28, "buftype": "", "filename": "/home/daniel/www/phpactor/docblock/composer.json"}}
12:47:31 INFO main src/languageclient.rs:2235 Begin languageClient/handleCursorMoved
12:47:31 INFO main src/languageclient.rs:48 gather_args: [Buftype, Filename, Line] = [String(""), String("/home/daniel/www/phpactor/docblock/composer.json"), Number(2)]
12:47:31 INFO main src/languageclient.rs:48 gather_args: ["LSP#visible_line_start()", "LSP#visible_line_end()"] = [Number(0), Number(28)]
12:47:31 INFO main src/languageclient.rs:2325 End languageClient/handleCursorMoved
12:47:32 INFO reader-main src/vim.rs:380 <= None {"method": "languageClient/handleCursorMoved", "jsonrpc": "2.0", "params": {"languageId": "json", "line": 3, "LSP#visible_line_start()": 0, "LSP#visible_line_end()": 28, "buftype": "", "filename": "/home/daniel/www/phpactor/docblock/composer.json"}}
12:47:32 INFO main src/languageclient.rs:2235 Begin languageClient/handleCursorMoved
12:47:32 INFO main src/languageclient.rs:48 gather_args: [Buftype, Filename, Line] = [String(""), String("/home/daniel/www/phpactor/docblock/composer.json"), Number(3)]
12:47:32 INFO main src/languageclient.rs:48 gather_args: ["LSP#visible_line_start()", "LSP#visible_line_end()"] = [Number(0), Number(28)]
12:47:32 INFO main src/languageclient.rs:2325 End languageClient/handleCursorMoved
12:47:32 INFO reader-main src/vim.rs:380 <= None {"method": "languageClient/handleCursorMoved", "jsonrpc": "2.0", "params": {"languageId": "json", "line": 4, "LSP#visible_line_start()": 0, "LSP#visible_line_end()": 28, "buftype": "", "filename": "/home/daniel/www/phpactor/docblock/composer.json"}}
12:47:32 INFO main src/languageclient.rs:2235 Begin languageClient/handleCursorMoved
12:47:32 INFO main src/languageclient.rs:48 gather_args: [Buftype, Filename, Line] = [String(""), String("/home/daniel/www/phpactor/docblock/composer.json"), Number(4)]
12:47:32 INFO main src/languageclient.rs:48 gather_args: ["LSP#visible_line_start()", "LSP#visible_line_end()"] = [Number(0), Number(28)]
12:47:32 INFO main src/languageclient.rs:2325 End languageClient/handleCursorMoved
12:47:32 INFO reader-main src/vim.rs:380 <= None {"method": "languageClient/handleCursorMoved", "jsonrpc": "2.0", "params": {"languageId": "json", "line": 5, "LSP#visible_line_start()": 0, "LSP#visible_line_end()": 28, "buftype": "", "filename": "/home/daniel/www/phpactor/docblock/composer.json"}}
12:47:32 INFO main src/languageclient.rs:2235 Begin languageClient/handleCursorMoved
12:47:32 INFO main src/languageclient.rs:48 gather_args: [Buftype, Filename, Line] = [String(""), String("/home/daniel/www/phpactor/docblock/composer.json"), Number(5)]
12:47:32 INFO main src/languageclient.rs:48 gather_args: ["LSP#visible_line_start()", "LSP#visible_line_end()"] = [Number(0), Number(28)]
12:47:32 INFO main src/languageclient.rs:2325 End languageClient/handleCursorMoved
12:47:32 INFO reader-main src/vim.rs:380 <= None {"method": "languageClient/handleCursorMoved", "jsonrpc": "2.0", "params": {"languageId": "json", "line": 6, "LSP#visible_line_start()": 0, "LSP#visible_line_end()": 28, "buftype": "", "filename": "/home/daniel/www/phpactor/docblock/composer.json"}}
12:47:32 INFO main src/languageclient.rs:2235 Begin languageClient/handleCursorMoved
12:47:32 INFO main src/languageclient.rs:48 gather_args: [Buftype, Filename, Line] = [String(""), String("/home/daniel/www/phpactor/docblock/composer.json"), Number(6)]
12:47:32 INFO main src/languageclient.rs:48 gather_args: ["LSP#visible_line_start()", "LSP#visible_line_end()"] = [Number(0), Number(28)]
12:47:32 INFO main src/languageclient.rs:2325 End languageClient/handleCursorMoved
12:47:32 INFO reader-main src/vim.rs:380 <= None {"method": "languageClient/handleCursorMoved", "jsonrpc": "2.0", "params": {"languageId": "json", "line": 7, "LSP#visible_line_start()": 0, "LSP#visible_line_end()": 28, "buftype": "", "filename": "/home/daniel/www/phpactor/docblock/composer.json"}}
12:47:32 INFO main src/languageclient.rs:2235 Begin languageClient/handleCursorMoved
12:47:32 INFO main src/languageclient.rs:48 gather_args: [Buftype, Filename, Line] = [String(""), String("/home/daniel/www/phpactor/docblock/composer.json"), Number(7)]
12:47:32 INFO main src/languageclient.rs:48 gather_args: ["LSP#visible_line_start()", "LSP#visible_line_end()"] = [Number(0), Number(28)]
12:47:32 INFO main src/languageclient.rs:2325 End languageClient/handleCursorMoved
12:47:32 INFO reader-main src/vim.rs:380 <= None {"method": "languageClient/handleCursorMoved", "jsonrpc": "2.0", "params": {"languageId": "json", "line": 8, "LSP#visible_line_start()": 0, "LSP#visible_line_end()": 28, "buftype": "", "filename": "/home/daniel/www/phpactor/docblock/composer.json"}}
12:47:32 INFO main src/languageclient.rs:2235 Begin languageClient/handleCursorMoved
12:47:32 INFO main src/languageclient.rs:48 gather_args: [Buftype, Filename, Line] = [String(""), String("/home/daniel/www/phpactor/docblock/composer.json"), Number(8)]
12:47:32 INFO main src/languageclient.rs:48 gather_args: ["LSP#visible_line_start()", "LSP#visible_line_end()"] = [Number(0), Number(28)]
12:47:32 INFO main src/languageclient.rs:2325 End languageClient/handleCursorMoved
12:47:32 INFO reader-main src/vim.rs:380 <= None {"method": "languageClient/handleCursorMoved", "jsonrpc": "2.0", "params": {"languageId": "json", "line": 9, "LSP#visible_line_start()": 0, "LSP#visible_line_end()": 28, "buftype": "", "filename": "/home/daniel/www/phpactor/docblock/composer.json"}}
12:47:32 INFO main src/languageclient.rs:2235 Begin languageClient/handleCursorMoved
12:47:32 INFO main src/languageclient.rs:48 gather_args: [Buftype, Filename, Line] = [String(""), String("/home/daniel/www/phpactor/docblock/composer.json"), Number(9)]
12:47:32 INFO main src/languageclient.rs:48 gather_args: ["LSP#visible_line_start()", "LSP#visible_line_end()"] = [Number(0), Number(28)]
12:47:32 INFO main src/languageclient.rs:2325 End languageClient/handleCursorMoved
12:47:32 INFO reader-main src/vim.rs:380 <= None {"method": "languageClient/handleCursorMoved", "jsonrpc": "2.0", "params": {"languageId": "json", "line": 10, "LSP#visible_line_start()": 0, "LSP#visible_line_end()": 28, "buftype": "", "filename": "/home/daniel/www/phpactor/docblock/composer.json"}}
12:47:32 INFO main src/languageclient.rs:2235 Begin languageClient/handleCursorMoved
12:47:32 INFO main src/languageclient.rs:48 gather_args: [Buftype, Filename, Line] = [String(""), String("/home/daniel/www/phpactor/docblock/composer.json"), Number(10)]
12:47:32 INFO main src/languageclient.rs:48 gather_args: ["LSP#visible_line_start()", "LSP#visible_line_end()"] = [Number(0), Number(28)]
12:47:32 INFO main src/languageclient.rs:2325 End languageClient/handleCursorMoved
12:47:32 INFO reader-main src/vim.rs:380 <= None {"method": "languageClient/handleCursorMoved", "jsonrpc": "2.0", "params": {"languageId": "json", "line": 11, "LSP#visible_line_start()": 0, "LSP#visible_line_end()": 28, "buftype": "", "filename": "/home/daniel/www/phpactor/docblock/composer.json"}}
12:47:32 INFO main src/languageclient.rs:2235 Begin languageClient/handleCursorMoved
12:47:32 INFO main src/languageclient.rs:48 gather_args: [Buftype, Filename, Line] = [String(""), String("/home/daniel/www/phpactor/docblock/composer.json"), Number(11)]
12:47:32 INFO main src/languageclient.rs:48 gather_args: ["LSP#visible_line_start()", "LSP#visible_line_end()"] = [Number(0), Number(28)]
12:47:32 INFO main src/languageclient.rs:2325 End languageClient/handleCursorMoved
12:47:32 INFO reader-main src/vim.rs:380 <= None {"method": "languageClient/handleCursorMoved", "jsonrpc": "2.0", "params": {"languageId": "json", "line": 12, "LSP#visible_line_start()": 0, "LSP#visible_line_end()": 28, "buftype": "", "filename": "/home/daniel/www/phpactor/docblock/composer.json"}}
12:47:32 INFO main src/languageclient.rs:2235 Begin languageClient/handleCursorMoved
12:47:32 INFO main src/languageclient.rs:48 gather_args: [Buftype, Filename, Line] = [String(""), String("/home/daniel/www/phpactor/docblock/composer.json"), Number(12)]
12:47:32 INFO main src/languageclient.rs:48 gather_args: ["LSP#visible_line_start()", "LSP#visible_line_end()"] = [Number(0), Number(28)]
12:47:32 INFO main src/languageclient.rs:2325 End languageClient/handleCursorMoved
12:47:33 INFO reader-main src/vim.rs:380 <= None {"method": "languageClient/handleCursorMoved", "jsonrpc": "2.0", "params": {"languageId": "json", "line": 13, "LSP#visible_line_start()": 0, "LSP#visible_line_end()": 28, "buftype": "", "filename": "/home/daniel/www/phpactor/docblock/composer.json"}}
12:47:33 INFO main src/languageclient.rs:2235 Begin languageClient/handleCursorMoved
12:47:33 INFO main src/languageclient.rs:48 gather_args: [Buftype, Filename, Line] = [String(""), String("/home/daniel/www/phpactor/docblock/composer.json"), Number(13)]
12:47:33 INFO main src/languageclient.rs:48 gather_args: ["LSP#visible_line_start()", "LSP#visible_line_end()"] = [Number(0), Number(28)]
12:47:33 INFO main src/languageclient.rs:2325 End languageClient/handleCursorMoved
12:47:33 INFO reader-main src/vim.rs:380 <= None {"method": "languageClient/handleCursorMoved", "jsonrpc": "2.0", "params": {"languageId": "json", "line": 14, "LSP#visible_line_start()": 0, "LSP#visible_line_end()": 28, "buftype": "", "filename": "/home/daniel/www/phpactor/docblock/composer.json"}}
12:47:33 INFO main src/languageclient.rs:2235 Begin languageClient/handleCursorMoved
12:47:33 INFO main src/languageclient.rs:48 gather_args: [Buftype, Filename, Line] = [String(""), String("/home/daniel/www/phpactor/docblock/composer.json"), Number(14)]
12:47:33 INFO main src/languageclient.rs:48 gather_args: ["LSP#visible_line_start()", "LSP#visible_line_end()"] = [Number(0), Number(28)]
12:47:33 INFO main src/languageclient.rs:2325 End languageClient/handleCursorMoved
12:47:33 INFO reader-main src/vim.rs:380 <= None {"method": "languageClient/handleCursorMoved", "jsonrpc": "2.0", "params": {"languageId": "json", "line": 13, "LSP#visible_line_start()": 0, "LSP#visible_line_end()": 28, "buftype": "", "filename": "/home/daniel/www/phpactor/docblock/composer.json"}}
12:47:33 INFO main src/languageclient.rs:2235 Begin languageClient/handleCursorMoved
12:47:33 INFO main src/languageclient.rs:48 gather_args: [Buftype, Filename, Line] = [String(""), String("/home/daniel/www/phpactor/docblock/composer.json"), Number(13)]
12:47:33 INFO main src/languageclient.rs:48 gather_args: ["LSP#visible_line_start()", "LSP#visible_line_end()"] = [Number(0), Number(28)]
12:47:33 INFO main src/languageclient.rs:2325 End languageClient/handleCursorMoved
12:47:34 INFO reader-main src/vim.rs:380 <= None {"method": "languageClient/handleCursorMoved", "jsonrpc": "2.0", "params": {"languageId": "json", "line": 14, "LSP#visible_line_start()": 0, "LSP#visible_line_end()": 28, "buftype": "", "filename": "/home/daniel/www/phpactor/docblock/composer.json"}}
12:47:34 INFO main src/languageclient.rs:2235 Begin languageClient/handleCursorMoved
12:47:34 INFO main src/languageclient.rs:48 gather_args: [Buftype, Filename, Line] = [String(""), String("/home/daniel/www/phpactor/docblock/composer.json"), Number(14)]
12:47:34 INFO main src/languageclient.rs:48 gather_args: ["LSP#visible_line_start()", "LSP#visible_line_end()"] = [Number(0), Number(28)]
12:47:34 INFO main src/languageclient.rs:2325 End languageClient/handleCursorMoved
12:47:34 INFO reader-main src/vim.rs:380 <= None {"method": "languageClient/handleCursorMoved", "jsonrpc": "2.0", "params": {"languageId": "json", "line": 15, "LSP#visible_line_start()": 0, "LSP#visible_line_end()": 28, "buftype": "", "filename": "/home/daniel/www/phpactor/docblock/composer.json"}}
12:47:34 INFO main src/languageclient.rs:2235 Begin languageClient/handleCursorMoved
12:47:34 INFO main src/languageclient.rs:48 gather_args: [Buftype, Filename, Line] = [String(""), String("/home/daniel/www/phpactor/docblock/composer.json"), Number(15)]
12:47:34 INFO main src/languageclient.rs:48 gather_args: ["LSP#visible_line_start()", "LSP#visible_line_end()"] = [Number(0), Number(28)]
12:47:34 INFO main src/languageclient.rs:2325 End languageClient/handleCursorMoved
12:47:34 INFO reader-main src/vim.rs:380 <= None {"method": "languageClient/handleCursorMoved", "jsonrpc": "2.0", "params": {"languageId": "json", "line": 16, "LSP#visible_line_start()": 0, "LSP#visible_line_end()": 28, "buftype": "", "filename": "/home/daniel/www/phpactor/docblock/composer.json"}}
12:47:34 INFO main src/languageclient.rs:2235 Begin languageClient/handleCursorMoved
12:47:34 INFO main src/languageclient.rs:48 gather_args: [Buftype, Filename, Line] = [String(""), String("/home/daniel/www/phpactor/docblock/composer.json"), Number(16)]
12:47:34 INFO main src/languageclient.rs:48 gather_args: ["LSP#visible_line_start()", "LSP#visible_line_end()"] = [Number(0), Number(28)]
12:47:34 INFO main src/languageclient.rs:2325 End languageClient/handleCursorMoved
12:47:34 INFO reader-main src/vim.rs:380 <= None {"method": "languageClient/handleCursorMoved", "jsonrpc": "2.0", "params": {"languageId": "json", "line": 17, "LSP#visible_line_start()": 0, "LSP#visible_line_end()": 28, "buftype": "", "filename": "/home/daniel/www/phpactor/docblock/composer.json"}}
12:47:34 INFO main src/languageclient.rs:2235 Begin languageClient/handleCursorMoved
12:47:34 INFO main src/languageclient.rs:48 gather_args: [Buftype, Filename, Line] = [String(""), String("/home/daniel/www/phpactor/docblock/composer.json"), Number(17)]
12:47:34 INFO main src/languageclient.rs:48 gather_args: ["LSP#visible_line_start()", "LSP#visible_line_end()"] = [Number(0), Number(28)]
12:47:34 INFO main src/languageclient.rs:2325 End languageClient/handleCursorMoved
12:47:34 INFO reader-main src/vim.rs:380 <= None {"method": "languageClient/handleCursorMoved", "jsonrpc": "2.0", "params": {"languageId": "json", "line": 18, "LSP#visible_line_start()": 0, "LSP#visible_line_end()": 28, "buftype": "", "filename": "/home/daniel/www/phpactor/docblock/composer.json"}}
12:47:34 INFO main src/languageclient.rs:2235 Begin languageClient/handleCursorMoved
12:47:34 INFO main src/languageclient.rs:48 gather_args: [Buftype, Filename, Line] = [String(""), String("/home/daniel/www/phpactor/docblock/composer.json"), Number(18)]
12:47:34 INFO main src/languageclient.rs:48 gather_args: ["LSP#visible_line_start()", "LSP#visible_line_end()"] = [Number(0), Number(28)]
12:47:34 INFO main src/languageclient.rs:2325 End languageClient/handleCursorMoved
12:47:34 INFO reader-main src/vim.rs:380 <= None {"method": "languageClient/handleCursorMoved", "jsonrpc": "2.0", "params": {"languageId": "json", "line": 19, "LSP#visible_line_start()": 0, "LSP#visible_line_end()": 28, "buftype": "", "filename": "/home/daniel/www/phpactor/docblock/composer.json"}}
12:47:34 INFO main src/languageclient.rs:2235 Begin languageClient/handleCursorMoved
12:47:34 INFO main src/languageclient.rs:48 gather_args: [Buftype, Filename, Line] = [String(""), String("/home/daniel/www/phpactor/docblock/composer.json"), Number(19)]
12:47:34 INFO main src/languageclient.rs:48 gather_args: ["LSP#visible_line_start()", "LSP#visible_line_end()"] = [Number(0), Number(28)]
12:47:34 INFO main src/languageclient.rs:2325 End languageClient/handleCursorMoved
12:47:34 INFO reader-main src/vim.rs:380 <= None {"method": "languageClient/handleCursorMoved", "jsonrpc": "2.0", "params": {"languageId": "json", "line": 20, "LSP#visible_line_start()": 0, "LSP#visible_line_end()": 28, "buftype": "", "filename": "/home/daniel/www/phpactor/docblock/composer.json"}}
12:47:34 INFO main src/languageclient.rs:2235 Begin languageClient/handleCursorMoved
12:47:34 INFO main src/languageclient.rs:48 gather_args: [Buftype, Filename, Line] = [String(""), String("/home/daniel/www/phpactor/docblock/composer.json"), Number(20)]
12:47:34 INFO main src/languageclient.rs:48 gather_args: ["LSP#visible_line_start()", "LSP#visible_line_end()"] = [Number(0), Number(28)]
12:47:34 INFO main src/languageclient.rs:2325 End languageClient/handleCursorMoved
12:47:34 INFO reader-main src/vim.rs:380 <= None {"method": "languageClient/handleCursorMoved", "jsonrpc": "2.0", "params": {"languageId": "json", "line": 21, "LSP#visible_line_start()": 0, "LSP#visible_line_end()": 28, "buftype": "", "filename": "/home/daniel/www/phpactor/docblock/composer.json"}}
12:47:34 INFO main src/languageclient.rs:2235 Begin languageClient/handleCursorMoved
12:47:34 INFO main src/languageclient.rs:48 gather_args: [Buftype, Filename, Line] = [String(""), String("/home/daniel/www/phpactor/docblock/composer.json"), Number(21)]
12:47:34 INFO main src/languageclient.rs:48 gather_args: ["LSP#visible_line_start()", "LSP#visible_line_end()"] = [Number(0), Number(28)]
12:47:34 INFO main src/languageclient.rs:2325 End languageClient/handleCursorMoved
12:47:35 INFO reader-main src/vim.rs:380 <= None {"method": "languageClient/handleCursorMoved", "jsonrpc": "2.0", "params": {"languageId": "json", "line": 22, "LSP#visible_line_start()": 0, "LSP#visible_line_end()": 28, "buftype": "", "filename": "/home/daniel/www/phpactor/docblock/composer.json"}}
12:47:35 INFO main src/languageclient.rs:2235 Begin languageClient/handleCursorMoved
12:47:35 INFO main src/languageclient.rs:48 gather_args: [Buftype, Filename, Line] = [String(""), String("/home/daniel/www/phpactor/docblock/composer.json"), Number(22)]
12:47:35 INFO main src/languageclient.rs:48 gather_args: ["LSP#visible_line_start()", "LSP#visible_line_end()"] = [Number(0), Number(28)]
12:47:35 INFO main src/languageclient.rs:2325 End languageClient/handleCursorMoved
12:47:35 INFO reader-main src/vim.rs:380 <= None {"method": "languageClient/handleCursorMoved", "jsonrpc": "2.0", "params": {"languageId": "json", "line": 23, "LSP#visible_line_start()": 0, "LSP#visible_line_end()": 28, "buftype": "", "filename": "/home/daniel/www/phpactor/docblock/composer.json"}}
12:47:35 INFO main src/languageclient.rs:2235 Begin languageClient/handleCursorMoved
12:47:35 INFO main src/languageclient.rs:48 gather_args: [Buftype, Filename, Line] = [String(""), String("/home/daniel/www/phpactor/docblock/composer.json"), Number(23)]
12:47:35 INFO main src/languageclient.rs:48 gather_args: ["LSP#visible_line_start()", "LSP#visible_line_end()"] = [Number(0), Number(28)]
12:47:35 INFO main src/languageclient.rs:2325 End languageClient/handleCursorMoved
12:47:35 INFO reader-main src/vim.rs:380 <= None {"method": "languageClient/handleCursorMoved", "jsonrpc": "2.0", "params": {"languageId": "json", "line": 24, "LSP#visible_line_start()": 0, "LSP#visible_line_end()": 28, "buftype": "", "filename": "/home/daniel/www/phpactor/docblock/composer.json"}}
12:47:35 INFO main src/languageclient.rs:2235 Begin languageClient/handleCursorMoved
12:47:35 INFO main src/languageclient.rs:48 gather_args: [Buftype, Filename, Line] = [String(""), String("/home/daniel/www/phpactor/docblock/composer.json"), Number(24)]
12:47:35 INFO main src/languageclient.rs:48 gather_args: ["LSP#visible_line_start()", "LSP#visible_line_end()"] = [Number(0), Number(28)]
12:47:35 INFO main src/languageclient.rs:2325 End languageClient/handleCursorMoved
12:47:35 INFO reader-main src/vim.rs:380 <= None {"method": "languageClient/handleCursorMoved", "jsonrpc": "2.0", "params": {"languageId": "json", "line": 25, "LSP#visible_line_start()": 0, "LSP#visible_line_end()": 28, "buftype": "", "filename": "/home/daniel/www/phpactor/docblock/composer.json"}}
12:47:35 INFO main src/languageclient.rs:2235 Begin languageClient/handleCursorMoved
12:47:35 INFO main src/languageclient.rs:48 gather_args: [Buftype, Filename, Line] = [String(""), String("/home/daniel/www/phpactor/docblock/composer.json"), Number(25)]
12:47:35 INFO main src/languageclient.rs:48 gather_args: ["LSP#visible_line_start()", "LSP#visible_line_end()"] = [Number(0), Number(28)]
12:47:35 INFO main src/languageclient.rs:2325 End languageClient/handleCursorMoved
12:47:35 INFO reader-main src/vim.rs:380 <= None {"method": "languageClient/handleCursorMoved", "jsonrpc": "2.0", "params": {"languageId": "json", "line": 26, "LSP#visible_line_start()": 0, "LSP#visible_line_end()": 28, "buftype": "", "filename": "/home/daniel/www/phpactor/docblock/composer.json"}}
12:47:35 INFO main src/languageclient.rs:2235 Begin languageClient/handleCursorMoved
12:47:35 INFO main src/languageclient.rs:48 gather_args: [Buftype, Filename, Line] = [String(""), String("/home/daniel/www/phpactor/docblock/composer.json"), Number(26)]
12:47:35 INFO main src/languageclient.rs:48 gather_args: ["LSP#visible_line_start()", "LSP#visible_line_end()"] = [Number(0), Number(28)]
12:47:35 INFO main src/languageclient.rs:2325 End languageClient/handleCursorMoved
12:47:35 INFO reader-main src/vim.rs:380 <= None {"method": "languageClient/handleCursorMoved", "jsonrpc": "2.0", "params": {"languageId": "json", "line": 27, "LSP#visible_line_start()": 0, "LSP#visible_line_end()": 28, "buftype": "", "filename": "/home/daniel/www/phpactor/docblock/composer.json"}}
12:47:35 INFO main src/languageclient.rs:2235 Begin languageClient/handleCursorMoved
12:47:35 INFO main src/languageclient.rs:48 gather_args: [Buftype, Filename, Line] = [String(""), String("/home/daniel/www/phpactor/docblock/composer.json"), Number(27)]
12:47:35 INFO main src/languageclient.rs:48 gather_args: ["LSP#visible_line_start()", "LSP#visible_line_end()"] = [Number(0), Number(28)]
12:47:35 INFO main src/languageclient.rs:2325 End languageClient/handleCursorMoved
12:47:35 INFO reader-main src/vim.rs:380 <= None {"method": "languageClient/handleCursorMoved", "jsonrpc": "2.0", "params": {"languageId": "json", "line": 28, "LSP#visible_line_start()": 0, "LSP#visible_line_end()": 28, "buftype": "", "filename": "/home/daniel/www/phpactor/docblock/composer.json"}}
12:47:35 INFO main src/languageclient.rs:2235 Begin languageClient/handleCursorMoved
12:47:35 INFO main src/languageclient.rs:48 gather_args: [Buftype, Filename, Line] = [String(""), String("/home/daniel/www/phpactor/docblock/composer.json"), Number(28)]
12:47:35 INFO main src/languageclient.rs:48 gather_args: ["LSP#visible_line_start()", "LSP#visible_line_end()"] = [Number(0), Number(28)]
12:47:35 INFO main src/languageclient.rs:2325 End languageClient/handleCursorMoved
12:47:35 INFO reader-main src/vim.rs:380 <= None {"method": "languageClient/handleCursorMoved", "jsonrpc": "2.0", "params": {"languageId": "json", "line": 29, "LSP#visible_line_start()": 1, "LSP#visible_line_end()": 29, "buftype": "", "filename": "/home/daniel/www/phpactor/docblock/composer.json"}}
12:47:35 INFO main src/languageclient.rs:2235 Begin languageClient/handleCursorMoved
12:47:35 INFO main src/languageclient.rs:48 gather_args: [Buftype, Filename, Line] = [String(""), String("/home/daniel/www/phpactor/docblock/composer.json"), Number(29)]
12:47:35 INFO main src/languageclient.rs:48 gather_args: ["LSP#visible_line_start()", "LSP#visible_line_end()"] = [Number(1), Number(29)]
12:47:35 INFO main src/languageclient.rs:2325 End languageClient/handleCursorMoved
12:47:35 INFO reader-main src/vim.rs:380 <= None {"method": "languageClient/handleCursorMoved", "jsonrpc": "2.0", "params": {"languageId": "json", "line": 28, "LSP#visible_line_start()": 1, "LSP#visible_line_end()": 29, "buftype": "", "filename": "/home/daniel/www/phpactor/docblock/composer.json"}}
12:47:35 INFO main src/languageclient.rs:2235 Begin languageClient/handleCursorMoved
12:47:35 INFO main src/languageclient.rs:48 gather_args: [Buftype, Filename, Line] = [String(""), String("/home/daniel/www/phpactor/docblock/composer.json"), Number(28)]
12:47:35 INFO main src/languageclient.rs:48 gather_args: ["LSP#visible_line_start()", "LSP#visible_line_end()"] = [Number(1), Number(29)]
12:47:35 INFO main src/languageclient.rs:2325 End languageClient/handleCursorMoved
12:47:35 INFO reader-main src/vim.rs:380 <= None {"method": "languageClient/handleCursorMoved", "jsonrpc": "2.0", "params": {"languageId": "json", "line": 27, "LSP#visible_line_start()": 1, "LSP#visible_line_end()": 29, "buftype": "", "filename": "/home/daniel/www/phpactor/docblock/composer.json"}}
12:47:35 INFO main src/languageclient.rs:2235 Begin languageClient/handleCursorMoved
12:47:35 INFO main src/languageclient.rs:48 gather_args: [Buftype, Filename, Line] = [String(""), String("/home/daniel/www/phpactor/docblock/composer.json"), Number(27)]
12:47:35 INFO main src/languageclient.rs:48 gather_args: ["LSP#visible_line_start()", "LSP#visible_line_end()"] = [Number(1), Number(29)]
12:47:35 INFO main src/languageclient.rs:2325 End languageClient/handleCursorMoved
12:47:36 INFO reader-main src/vim.rs:380 <= None {"method": "languageClient/handleCursorMoved", "jsonrpc": "2.0", "params": {"languageId": "json", "line": 26, "LSP#visible_line_start()": 1, "LSP#visible_line_end()": 29, "buftype": "", "filename": "/home/daniel/www/phpactor/docblock/composer.json"}}
12:47:36 INFO main src/languageclient.rs:2235 Begin languageClient/handleCursorMoved
12:47:36 INFO main src/languageclient.rs:48 gather_args: [Buftype, Filename, Line] = [String(""), String("/home/daniel/www/phpactor/docblock/composer.json"), Number(26)]
12:47:36 INFO main src/languageclient.rs:48 gather_args: ["LSP#visible_line_start()", "LSP#visible_line_end()"] = [Number(1), Number(29)]
12:47:36 INFO main src/languageclient.rs:2325 End languageClient/handleCursorMoved
21:05:00 INFO reader-main src/vim.rs:380 <= None {"method": "languageClient/handleCursorMoved", "jsonrpc": "2.0", "params": {"languageId": "json", "line": 26, "LSP#visible_line_start()": 0, "LSP#visible_line_end()": 29, "buftype": "", "filename": "/home/daniel/www/phpactor/docblock/composer.json"}}
21:05:00 INFO main src/languageclient.rs:2235 Begin languageClient/handleCursorMoved
21:05:00 INFO main src/languageclient.rs:48 gather_args: [Buftype, Filename, Line] = [String(""), String("/home/daniel/www/phpactor/docblock/composer.json"), Number(26)]
21:05:00 INFO main src/languageclient.rs:48 gather_args: ["LSP#visible_line_start()", "LSP#visible_line_end()"] = [Number(0), Number(29)]
21:05:00 INFO main src/languageclient.rs:2325 End languageClient/handleCursorMoved
21:05:02 INFO reader-main src/vim.rs:380 <= None {"method": "languageClient/handleCursorMoved", "jsonrpc": "2.0", "params": {"languageId": "json", "line": 25, "LSP#visible_line_start()": 12, "LSP#visible_line_end()": 29, "buftype": "", "filename": "/home/daniel/www/phpactor/docblock/composer.json"}}
21:05:02 INFO main src/languageclient.rs:2235 Begin languageClient/handleCursorMoved
21:05:02 INFO main src/languageclient.rs:48 gather_args: [Buftype, Filename, Line] = [String(""), String("/home/daniel/www/phpactor/docblock/composer.json"), Number(25)]
21:05:02 INFO main src/languageclient.rs:48 gather_args: ["LSP#visible_line_start()", "LSP#visible_line_end()"] = [Number(12), Number(29)]
21:05:02 INFO main src/languageclient.rs:2325 End languageClient/handleCursorMoved
21:05:02 INFO reader-main src/vim.rs:380 <= None {"method": "languageClient/handleCursorMoved", "jsonrpc": "2.0", "params": {"languageId": "json", "line": 24, "LSP#visible_line_start()": 12, "LSP#visible_line_end()": 29, "buftype": "", "filename": "/home/daniel/www/phpactor/docblock/composer.json"}}
21:05:02 INFO main src/languageclient.rs:2235 Begin languageClient/handleCursorMoved
21:05:02 INFO main src/languageclient.rs:48 gather_args: [Buftype, Filename, Line] = [String(""), String("/home/daniel/www/phpactor/docblock/composer.json"), Number(24)]
21:05:02 INFO main src/languageclient.rs:48 gather_args: ["LSP#visible_line_start()", "LSP#visible_line_end()"] = [Number(12), Number(29)]
21:05:02 INFO main src/languageclient.rs:2325 End languageClient/handleCursorMoved
21:05:06 INFO reader-main src/vim.rs:380 <= None {"method": "languageClient/handleCursorMoved", "jsonrpc": "2.0", "params": {"languageId": "json", "line": 24, "LSP#visible_line_start()": 12, "LSP#visible_line_end()": 29, "buftype": "", "filename": "/home/daniel/www/phpactor/docblock/composer.json"}}
21:05:06 INFO main src/languageclient.rs:2235 Begin languageClient/handleCursorMoved
21:05:06 INFO main src/languageclient.rs:48 gather_args: [Buftype, Filename, Line] = [String(""), String("/home/daniel/www/phpactor/docblock/composer.json"), Number(24)]
21:05:06 INFO main src/languageclient.rs:48 gather_args: ["LSP#visible_line_start()", "LSP#visible_line_end()"] = [Number(12), Number(29)]
21:05:06 INFO main src/languageclient.rs:2325 End languageClient/handleCursorMoved
21:05:06 INFO reader-main src/vim.rs:380 <= None {"method": "languageClient/handleCursorMoved", "jsonrpc": "2.0", "params": {"languageId": "json", "line": 25, "LSP#visible_line_start()": 12, "LSP#visible_line_end()": 29, "buftype": "", "filename": "/home/daniel/www/phpactor/docblock/composer.json"}}
21:05:06 INFO main src/languageclient.rs:2235 Begin languageClient/handleCursorMoved
21:05:06 INFO main src/languageclient.rs:48 gather_args: [Buftype, Filename, Line] = [String(""), String("/home/daniel/www/phpactor/docblock/composer.json"), Number(25)]
21:05:06 INFO main src/languageclient.rs:48 gather_args: ["LSP#visible_line_start()", "LSP#visible_line_end()"] = [Number(12), Number(29)]
21:05:06 INFO main src/languageclient.rs:2325 End languageClient/handleCursorMoved
21:05:07 INFO reader-main src/vim.rs:380 <= None {"method": "languageClient/handleCursorMoved", "jsonrpc": "2.0", "params": {"languageId": "json", "line": 26, "LSP#visible_line_start()": 12, "LSP#visible_line_end()": 29, "buftype": "", "filename": "/home/daniel/www/phpactor/docblock/composer.json"}}
21:05:07 INFO main src/languageclient.rs:2235 Begin languageClient/handleCursorMoved
21:05:07 INFO main src/languageclient.rs:48 gather_args: [Buftype, Filename, Line] = [String(""), String("/home/daniel/www/phpactor/docblock/composer.json"), Number(26)]
21:05:07 INFO main src/languageclient.rs:48 gather_args: ["LSP#visible_line_start()", "LSP#visible_line_end()"] = [Number(12), Number(29)]
21:05:07 INFO main src/languageclient.rs:2325 End languageClient/handleCursorMoved
21:05:09 INFO reader-main src/vim.rs:380 <= None {"method": "languageClient/handleTextChanged", "jsonrpc": "2.0", "params": {"languageId": "json", "buftype": "", "filename": "/home/daniel/www/phpactor/docblock/composer.json"}}
21:05:09 INFO main src/languageclient.rs:2183 Begin languageClient/handleTextChanged
21:05:09 INFO main src/languageclient.rs:48 gather_args: [Buftype, Filename] = [String(""), String("/home/daniel/www/phpactor/docblock/composer.json")]
21:05:09 INFO main src/languageclient.rs:1760 Begin textDocument/didChange
21:05:09 INFO main src/languageclient.rs:48 gather_args: [Buftype, LanguageId, Filename] = [String(""), String("json"), String("/home/daniel/www/phpactor/docblock/composer.json")]
21:05:09 INFO main src/languageclient.rs:29 Some arguments are not available. Requesting from vim. Keys: ["text"]. Exps: ["LSP#text()"]
21:05:09 INFO main src/vim.rs:92 => None {"jsonrpc":"2.0","method":"eval","params":["[LSP#text()]"],"id":45}
21:05:09 INFO reader-main src/vim.rs:380 <= None {"id": 45, "jsonrpc": "2.0", "result": [["{", "    \"name\": \"phpactor/docblock\",", "    \"description\": \"Simple Docblock Parser\",", "    \"type\": \"library\",", "    \"autoload\": {", "        \"psr-4\": {", "            \"Phpactor\\\\Docblock\\\\\": \"lib/\"", "        }", "    },", "    \"autoload-dev\": {", "        \"psr-4\": {", "            \"Phpactor\\\\Docblock\\\\Tests\\\\\": \"tests/\"", "        }", "    },", "    \"require-dev\": {", "        \"phpunit/phpunit\": \"^6.5\"", "    },", "    \"authors\": [", "        {", "            \"name\": \"Daniel Leech\",", "            \"email\": \"daniel@dantleech.com\"", "        }", "    ],", "    \"license\": \"MIT\",", "    \"extra\": {", "        \"branch-alias\": {", "            \"dev-master\": \"\"", "        }", "    }", "}", ""]]}
21:05:09 INFO main src/languageclient.rs:48 gather_args: [Text] = [Array([String("{"), String("    \"name\": \"phpactor/docblock\","), String("    \"description\": \"Simple Docblock Parser\","), String("    \"type\": \"library\","), String("    \"autoload\": {"), String("        \"psr-4\": {"), String("            \"Phpactor\\\\Docblock\\\\\": \"lib/\""), String("        }"), String("    },"), String("    \"autoload-dev\": {"), String("        \"psr-4\": {"), String("            \"Phpactor\\\\Docblock\\\\Tests\\\\\": \"tests/\""), String("        }"), String("    },"), String("    \"require-dev\": {"), String("        \"phpunit/phpunit\": \"^6.5\""), String("    },"), String("    \"authors\": ["), String("        {"), String("            \"name\": \"Daniel Leech\","), String("            \"email\": \"daniel@dantleech.com\""), String("        }"), String("    ],"), String("    \"license\": \"MIT\","), String("    \"extra\": {"), String("        \"branch-alias\": {"), String("            \"dev-master\": \"\""), String("        }"), String("    }"), String("}"), String("")])]
21:05:09 DEBUG main src/vim.rs:320 state.text_documents./home/daniel/www/phpactor/docblock/composer.json.text: "{\n    \"name\": \"phpactor/docblock\",\n    \"description\": \"Simple Docblock Parser\",\n    \"type\": \"library\",\n    \"autoload\": {\n        \"psr-4\": {\n            \"Phpactor\\\\Docblock\\\\\": \"lib/\"\n        }\n    },\n    \"autoload-dev\": {\n        \"psr-4\": {\n            \"Phpactor\\\\Docblock\\\\Tests\\\\\": \"tests/\"\n        }\n    },\n    \"require-dev\": {\n        \"phpunit/phpunit\": \"^6.5\"\n    },\n    \"authors\": [\n        {\n            \"name\": \"Daniel Leech\",\n            \"email\": \"daniel@dantleech.com\"\n        }\n    ],\n    \"license\": \"MIT\",\n    \"extra\": {\n        \"branch-alias\": {\n            \"dev-master\": \"1.0.x-dev\"\n        }\n    }\n}\n" ==> "{\n    \"name\": \"phpactor/docblock\",\n    \"description\": \"Simple Docblock Parser\",\n    \"type\": \"library\",\n    \"autoload\": {\n        \"psr-4\": {\n            \"Phpactor\\\\Docblock\\\\\": \"lib/\"\n        }\n    },\n    \"autoload-dev\": {\n        \"psr-4\": {\n            \"Phpactor\\\\Docblock\\\\Tests\\\\\": \"tests/\"\n        }\n    },\n    \"require-dev\": {\n        \"phpunit/phpunit\": \"^6.5\"\n    },\n    \"authors\": [\n        {\n            \"name\": \"Daniel Leech\",\n            \"email\": \"daniel@dantleech.com\"\n        }\n    ],\n    \"license\": \"MIT\",\n    \"extra\": {\n        \"branch-alias\": {\n            \"dev-master\": \"\"\n        }\n    }\n}\n"
21:05:09 DEBUG main src/vim.rs:320 state.text_documents./home/daniel/www/phpactor/docblock/composer.json.version: 13 ==> 14
21:05:09 INFO main src/vim.rs:92 => Some("json") {"jsonrpc":"2.0","method":"textDocument/didChange","params":{"contentChanges":[{"text":"{\n    \"name\": \"phpactor/docblock\",\n    \"description\": \"Simple Docblock Parser\",\n    \"type\": \"library\",\n    \"autoload\": {\n        \"psr-4\": {\n            \"Phpactor\\\\Docblock\\\\\": \"lib/\"\n        }\n    },\n    \"autoload-dev\": {\n        \"psr-4\": {\n            \"Phpactor\\\\Docblock\\\\Tests\\\\\": \"tests/\"\n        }\n    },\n    \"require-dev\": {\n        \"phpunit/phpunit\": \"^6.5\"\n    },\n    \"authors\": [\n        {\n            \"name\": \"Daniel Leech\",\n            \"email\": \"daniel@dantleech.com\"\n        }\n    ],\n    \"license\": \"MIT\",\n    \"extra\": {\n        \"branch-alias\": {\n            \"dev-master\": \"\"\n        }\n    }\n}\n"}],"textDocument":{"uri":"file:///home/daniel/www/phpactor/docblock/composer.json","version":14}}}
21:05:09 INFO reader-main src/vim.rs:380 <= None {"method": "languageClient/handleTextChanged", "jsonrpc": "2.0", "params": {"languageId": "json", "buftype": "", "filename": "/home/daniel/www/phpactor/docblock/composer.json"}}
21:05:09 INFO main src/languageclient.rs:2183 Begin languageClient/handleTextChanged
21:05:09 INFO main src/languageclient.rs:48 gather_args: [Buftype, Filename] = [String(""), String("/home/daniel/www/phpactor/docblock/composer.json")]
21:05:09 INFO main src/languageclient.rs:1760 Begin textDocument/didChange
21:05:09 INFO main src/languageclient.rs:48 gather_args: [Buftype, LanguageId, Filename] = [String(""), String("json"), String("/home/daniel/www/phpactor/docblock/composer.json")]
21:05:09 INFO main src/languageclient.rs:29 Some arguments are not available. Requesting from vim. Keys: ["text"]. Exps: ["LSP#text()"]
21:05:09 INFO main src/vim.rs:92 => None {"jsonrpc":"2.0","method":"eval","params":["[LSP#text()]"],"id":46}
21:05:09 INFO reader-main src/vim.rs:380 <= None {"id": 46, "jsonrpc": "2.0", "result": [["{", "    \"name\": \"phpactor/docblock\",", "    \"description\": \"Simple Docblock Parser\",", "    \"type\": \"library\",", "    \"autoload\": {", "        \"psr-4\": {", "            \"Phpactor\\\\Docblock\\\\\": \"lib/\"", "        }", "    },", "    \"autoload-dev\": {", "        \"psr-4\": {", "            \"Phpactor\\\\Docblock\\\\Tests\\\\\": \"tests/\"", "        }", "    },", "    \"require-dev\": {", "        \"phpunit/phpunit\": \"^6.5\"", "    },", "    \"authors\": [", "        {", "            \"name\": \"Daniel Leech\",", "            \"email\": \"daniel@dantleech.com\"", "        }", "    ],", "    \"license\": \"MIT\",", "    \"extra\": {", "        \"branch-alias\": {", "            \"dev-master\": \"0\"", "        }", "    }", "}", ""]]}
21:05:09 INFO main src/languageclient.rs:48 gather_args: [Text] = [Array([String("{"), String("    \"name\": \"phpactor/docblock\","), String("    \"description\": \"Simple Docblock Parser\","), String("    \"type\": \"library\","), String("    \"autoload\": {"), String("        \"psr-4\": {"), String("            \"Phpactor\\\\Docblock\\\\\": \"lib/\""), String("        }"), String("    },"), String("    \"autoload-dev\": {"), String("        \"psr-4\": {"), String("            \"Phpactor\\\\Docblock\\\\Tests\\\\\": \"tests/\""), String("        }"), String("    },"), String("    \"require-dev\": {"), String("        \"phpunit/phpunit\": \"^6.5\""), String("    },"), String("    \"authors\": ["), String("        {"), String("            \"name\": \"Daniel Leech\","), String("            \"email\": \"daniel@dantleech.com\""), String("        }"), String("    ],"), String("    \"license\": \"MIT\","), String("    \"extra\": {"), String("        \"branch-alias\": {"), String("            \"dev-master\": \"0\""), String("        }"), String("    }"), String("}"), String("")])]
21:05:09 DEBUG main src/vim.rs:320 state.text_documents./home/daniel/www/phpactor/docblock/composer.json.text: "{\n    \"name\": \"phpactor/docblock\",\n    \"description\": \"Simple Docblock Parser\",\n    \"type\": \"library\",\n    \"autoload\": {\n        \"psr-4\": {\n            \"Phpactor\\\\Docblock\\\\\": \"lib/\"\n        }\n    },\n    \"autoload-dev\": {\n        \"psr-4\": {\n            \"Phpactor\\\\Docblock\\\\Tests\\\\\": \"tests/\"\n        }\n    },\n    \"require-dev\": {\n        \"phpunit/phpunit\": \"^6.5\"\n    },\n    \"authors\": [\n        {\n            \"name\": \"Daniel Leech\",\n            \"email\": \"daniel@dantleech.com\"\n        }\n    ],\n    \"license\": \"MIT\",\n    \"extra\": {\n        \"branch-alias\": {\n            \"dev-master\": \"\"\n        }\n    }\n}\n" ==> "{\n    \"name\": \"phpactor/docblock\",\n    \"description\": \"Simple Docblock Parser\",\n    \"type\": \"library\",\n    \"autoload\": {\n        \"psr-4\": {\n            \"Phpactor\\\\Docblock\\\\\": \"lib/\"\n        }\n    },\n    \"autoload-dev\": {\n        \"psr-4\": {\n            \"Phpactor\\\\Docblock\\\\Tests\\\\\": \"tests/\"\n        }\n    },\n    \"require-dev\": {\n        \"phpunit/phpunit\": \"^6.5\"\n    },\n    \"authors\": [\n        {\n            \"name\": \"Daniel Leech\",\n            \"email\": \"daniel@dantleech.com\"\n        }\n    ],\n    \"license\": \"MIT\",\n    \"extra\": {\n        \"branch-alias\": {\n            \"dev-master\": \"0\"\n        }\n    }\n}\n"
21:05:09 DEBUG main src/vim.rs:320 state.text_documents./home/daniel/www/phpactor/docblock/composer.json.version: 14 ==> 15
21:05:09 INFO main src/vim.rs:92 => Some("json") {"jsonrpc":"2.0","method":"textDocument/didChange","params":{"contentChanges":[{"text":"{\n    \"name\": \"phpactor/docblock\",\n    \"description\": \"Simple Docblock Parser\",\n    \"type\": \"library\",\n    \"autoload\": {\n        \"psr-4\": {\n            \"Phpactor\\\\Docblock\\\\\": \"lib/\"\n        }\n    },\n    \"autoload-dev\": {\n        \"psr-4\": {\n            \"Phpactor\\\\Docblock\\\\Tests\\\\\": \"tests/\"\n        }\n    },\n    \"require-dev\": {\n        \"phpunit/phpunit\": \"^6.5\"\n    },\n    \"authors\": [\n        {\n            \"name\": \"Daniel Leech\",\n            \"email\": \"daniel@dantleech.com\"\n        }\n    ],\n    \"license\": \"MIT\",\n    \"extra\": {\n        \"branch-alias\": {\n            \"dev-master\": \"0\"\n        }\n    }\n}\n"}],"textDocument":{"uri":"file:///home/daniel/www/phpactor/docblock/composer.json","version":15}}}
21:05:11 INFO reader-main src/vim.rs:380 <= None {"method": "languageClient/handleTextChanged", "jsonrpc": "2.0", "params": {"languageId": "json", "buftype": "", "filename": "/home/daniel/www/phpactor/docblock/composer.json"}}
21:05:11 INFO main src/languageclient.rs:2183 Begin languageClient/handleTextChanged
21:05:11 INFO main src/languageclient.rs:48 gather_args: [Buftype, Filename] = [String(""), String("/home/daniel/www/phpactor/docblock/composer.json")]
21:05:11 INFO main src/languageclient.rs:1760 Begin textDocument/didChange
21:05:11 INFO main src/languageclient.rs:48 gather_args: [Buftype, LanguageId, Filename] = [String(""), String("json"), String("/home/daniel/www/phpactor/docblock/composer.json")]
21:05:11 INFO main src/languageclient.rs:29 Some arguments are not available. Requesting from vim. Keys: ["text"]. Exps: ["LSP#text()"]
21:05:11 INFO main src/vim.rs:92 => None {"jsonrpc":"2.0","method":"eval","params":["[LSP#text()]"],"id":47}
21:05:11 INFO reader-main src/vim.rs:380 <= None {"id": 47, "jsonrpc": "2.0", "result": [["{", "    \"name\": \"phpactor/docblock\",", "    \"description\": \"Simple Docblock Parser\",", "    \"type\": \"library\",", "    \"autoload\": {", "        \"psr-4\": {", "            \"Phpactor\\\\Docblock\\\\\": \"lib/\"", "        }", "    },", "    \"autoload-dev\": {", "        \"psr-4\": {", "            \"Phpactor\\\\Docblock\\\\Tests\\\\\": \"tests/\"", "        }", "    },", "    \"require-dev\": {", "        \"phpunit/phpunit\": \"^6.5\"", "    },", "    \"authors\": [", "        {", "            \"name\": \"Daniel Leech\",", "            \"email\": \"daniel@dantleech.com\"", "        }", "    ],", "    \"license\": \"MIT\",", "    \"extra\": {", "        \"branch-alias\": {", "            \"dev-master\": \"\"", "        }", "    }", "}", ""]]}
21:05:11 INFO main src/languageclient.rs:48 gather_args: [Text] = [Array([String("{"), String("    \"name\": \"phpactor/docblock\","), String("    \"description\": \"Simple Docblock Parser\","), String("    \"type\": \"library\","), String("    \"autoload\": {"), String("        \"psr-4\": {"), String("            \"Phpactor\\\\Docblock\\\\\": \"lib/\""), String("        }"), String("    },"), String("    \"autoload-dev\": {"), String("        \"psr-4\": {"), String("            \"Phpactor\\\\Docblock\\\\Tests\\\\\": \"tests/\""), String("        }"), String("    },"), String("    \"require-dev\": {"), String("        \"phpunit/phpunit\": \"^6.5\""), String("    },"), String("    \"authors\": ["), String("        {"), String("            \"name\": \"Daniel Leech\","), String("            \"email\": \"daniel@dantleech.com\""), String("        }"), String("    ],"), String("    \"license\": \"MIT\","), String("    \"extra\": {"), String("        \"branch-alias\": {"), String("            \"dev-master\": \"\""), String("        }"), String("    }"), String("}"), String("")])]
21:05:11 DEBUG main src/vim.rs:320 state.text_documents./home/daniel/www/phpactor/docblock/composer.json.text: "{\n    \"name\": \"phpactor/docblock\",\n    \"description\": \"Simple Docblock Parser\",\n    \"type\": \"library\",\n    \"autoload\": {\n        \"psr-4\": {\n            \"Phpactor\\\\Docblock\\\\\": \"lib/\"\n        }\n    },\n    \"autoload-dev\": {\n        \"psr-4\": {\n            \"Phpactor\\\\Docblock\\\\Tests\\\\\": \"tests/\"\n        }\n    },\n    \"require-dev\": {\n        \"phpunit/phpunit\": \"^6.5\"\n    },\n    \"authors\": [\n        {\n            \"name\": \"Daniel Leech\",\n            \"email\": \"daniel@dantleech.com\"\n        }\n    ],\n    \"license\": \"MIT\",\n    \"extra\": {\n        \"branch-alias\": {\n            \"dev-master\": \"0\"\n        }\n    }\n}\n" ==> "{\n    \"name\": \"phpactor/docblock\",\n    \"description\": \"Simple Docblock Parser\",\n    \"type\": \"library\",\n    \"autoload\": {\n        \"psr-4\": {\n            \"Phpactor\\\\Docblock\\\\\": \"lib/\"\n        }\n    },\n    \"autoload-dev\": {\n        \"psr-4\": {\n            \"Phpactor\\\\Docblock\\\\Tests\\\\\": \"tests/\"\n        }\n    },\n    \"require-dev\": {\n        \"phpunit/phpunit\": \"^6.5\"\n    },\n    \"authors\": [\n        {\n            \"name\": \"Daniel Leech\",\n            \"email\": \"daniel@dantleech.com\"\n        }\n    ],\n    \"license\": \"MIT\",\n    \"extra\": {\n        \"branch-alias\": {\n            \"dev-master\": \"\"\n        }\n    }\n}\n"
21:05:11 DEBUG main src/vim.rs:320 state.text_documents./home/daniel/www/phpactor/docblock/composer.json.version: 15 ==> 16
21:05:11 INFO main src/vim.rs:92 => Some("json") {"jsonrpc":"2.0","method":"textDocument/didChange","params":{"contentChanges":[{"text":"{\n    \"name\": \"phpactor/docblock\",\n    \"description\": \"Simple Docblock Parser\",\n    \"type\": \"library\",\n    \"autoload\": {\n        \"psr-4\": {\n            \"Phpactor\\\\Docblock\\\\\": \"lib/\"\n        }\n    },\n    \"autoload-dev\": {\n        \"psr-4\": {\n            \"Phpactor\\\\Docblock\\\\Tests\\\\\": \"tests/\"\n        }\n    },\n    \"require-dev\": {\n        \"phpunit/phpunit\": \"^6.5\"\n    },\n    \"authors\": [\n        {\n            \"name\": \"Daniel Leech\",\n            \"email\": \"daniel@dantleech.com\"\n        }\n    ],\n    \"license\": \"MIT\",\n    \"extra\": {\n        \"branch-alias\": {\n            \"dev-master\": \"\"\n        }\n    }\n}\n"}],"textDocument":{"uri":"file:///home/daniel/www/phpactor/docblock/composer.json","version":16}}}
21:05:11 INFO reader-main src/vim.rs:380 <= None {"method": "languageClient/handleTextChanged", "jsonrpc": "2.0", "params": {"languageId": "json", "buftype": "", "filename": "/home/daniel/www/phpactor/docblock/composer.json"}}
21:05:11 INFO main src/languageclient.rs:2183 Begin languageClient/handleTextChanged
21:05:11 INFO main src/languageclient.rs:48 gather_args: [Buftype, Filename] = [String(""), String("/home/daniel/www/phpactor/docblock/composer.json")]
21:05:11 INFO main src/languageclient.rs:1760 Begin textDocument/didChange
21:05:11 INFO main src/languageclient.rs:48 gather_args: [Buftype, LanguageId, Filename] = [String(""), String("json"), String("/home/daniel/www/phpactor/docblock/composer.json")]
21:05:11 INFO main src/languageclient.rs:29 Some arguments are not available. Requesting from vim. Keys: ["text"]. Exps: ["LSP#text()"]
21:05:11 INFO main src/vim.rs:92 => None {"jsonrpc":"2.0","method":"eval","params":["[LSP#text()]"],"id":48}
21:05:11 INFO reader-main src/vim.rs:380 <= None {"id": 48, "jsonrpc": "2.0", "result": [["{", "    \"name\": \"phpactor/docblock\",", "    \"description\": \"Simple Docblock Parser\",", "    \"type\": \"library\",", "    \"autoload\": {", "        \"psr-4\": {", "            \"Phpactor\\\\Docblock\\\\\": \"lib/\"", "        }", "    },", "    \"autoload-dev\": {", "        \"psr-4\": {", "            \"Phpactor\\\\Docblock\\\\Tests\\\\\": \"tests/\"", "        }", "    },", "    \"require-dev\": {", "        \"phpunit/phpunit\": \"^6.5\"", "    },", "    \"authors\": [", "        {", "            \"name\": \"Daniel Leech\",", "            \"email\": \"daniel@dantleech.com\"", "        }", "    ],", "    \"license\": \"MIT\",", "    \"extra\": {", "        \"branch-alias\": {", "            \"dev-master\": \"1.0.x-dev\"", "        }", "    }", "}", ""]]}
21:05:11 INFO main src/languageclient.rs:48 gather_args: [Text] = [Array([String("{"), String("    \"name\": \"phpactor/docblock\","), String("    \"description\": \"Simple Docblock Parser\","), String("    \"type\": \"library\","), String("    \"autoload\": {"), String("        \"psr-4\": {"), String("            \"Phpactor\\\\Docblock\\\\\": \"lib/\""), String("        }"), String("    },"), String("    \"autoload-dev\": {"), String("        \"psr-4\": {"), String("            \"Phpactor\\\\Docblock\\\\Tests\\\\\": \"tests/\""), String("        }"), String("    },"), String("    \"require-dev\": {"), String("        \"phpunit/phpunit\": \"^6.5\""), String("    },"), String("    \"authors\": ["), String("        {"), String("            \"name\": \"Daniel Leech\","), String("            \"email\": \"daniel@dantleech.com\""), String("        }"), String("    ],"), String("    \"license\": \"MIT\","), String("    \"extra\": {"), String("        \"branch-alias\": {"), String("            \"dev-master\": \"1.0.x-dev\""), String("        }"), String("    }"), String("}"), String("")])]
21:05:11 DEBUG main src/vim.rs:320 state.text_documents./home/daniel/www/phpactor/docblock/composer.json.version: 16 ==> 17
21:05:11 DEBUG main src/vim.rs:320 state.text_documents./home/daniel/www/phpactor/docblock/composer.json.text: "{\n    \"name\": \"phpactor/docblock\",\n    \"description\": \"Simple Docblock Parser\",\n    \"type\": \"library\",\n    \"autoload\": {\n        \"psr-4\": {\n            \"Phpactor\\\\Docblock\\\\\": \"lib/\"\n        }\n    },\n    \"autoload-dev\": {\n        \"psr-4\": {\n            \"Phpactor\\\\Docblock\\\\Tests\\\\\": \"tests/\"\n        }\n    },\n    \"require-dev\": {\n        \"phpunit/phpunit\": \"^6.5\"\n    },\n    \"authors\": [\n        {\n            \"name\": \"Daniel Leech\",\n            \"email\": \"daniel@dantleech.com\"\n        }\n    ],\n    \"license\": \"MIT\",\n    \"extra\": {\n        \"branch-alias\": {\n            \"dev-master\": \"\"\n        }\n    }\n}\n" ==> "{\n    \"name\": \"phpactor/docblock\",\n    \"description\": \"Simple Docblock Parser\",\n    \"type\": \"library\",\n    \"autoload\": {\n        \"psr-4\": {\n            \"Phpactor\\\\Docblock\\\\\": \"lib/\"\n        }\n    },\n    \"autoload-dev\": {\n        \"psr-4\": {\n            \"Phpactor\\\\Docblock\\\\Tests\\\\\": \"tests/\"\n        }\n    },\n    \"require-dev\": {\n        \"phpunit/phpunit\": \"^6.5\"\n    },\n    \"authors\": [\n        {\n            \"name\": \"Daniel Leech\",\n            \"email\": \"daniel@dantleech.com\"\n        }\n    ],\n    \"license\": \"MIT\",\n    \"extra\": {\n        \"branch-alias\": {\n            \"dev-master\": \"1.0.x-dev\"\n        }\n    }\n}\n"
21:05:11 INFO main src/vim.rs:92 => Some("json") {"jsonrpc":"2.0","method":"textDocument/didChange","params":{"contentChanges":[{"text":"{\n    \"name\": \"phpactor/docblock\",\n    \"description\": \"Simple Docblock Parser\",\n    \"type\": \"library\",\n    \"autoload\": {\n        \"psr-4\": {\n            \"Phpactor\\\\Docblock\\\\\": \"lib/\"\n        }\n    },\n    \"autoload-dev\": {\n        \"psr-4\": {\n            \"Phpactor\\\\Docblock\\\\Tests\\\\\": \"tests/\"\n        }\n    },\n    \"require-dev\": {\n        \"phpunit/phpunit\": \"^6.5\"\n    },\n    \"authors\": [\n        {\n            \"name\": \"Daniel Leech\",\n            \"email\": \"daniel@dantleech.com\"\n        }\n    ],\n    \"license\": \"MIT\",\n    \"extra\": {\n        \"branch-alias\": {\n            \"dev-master\": \"1.0.x-dev\"\n        }\n    }\n}\n"}],"textDocument":{"uri":"file:///home/daniel/www/phpactor/docblock/composer.json","version":17}}}
21:05:11 INFO reader-main src/vim.rs:380 <= None {"method": "languageClient/handleBufWritePost", "jsonrpc": "2.0", "params": {"languageId": "json", "buftype": "", "filename": "/home/daniel/www/phpactor/docblock/composer.json"}}
21:05:11 INFO main src/languageclient.rs:2213 Begin languageClient/handleBufWritePost
21:05:11 INFO main src/languageclient.rs:1830 Begin textDocument/didSave
21:05:11 INFO main src/languageclient.rs:48 gather_args: [Buftype, LanguageId, Filename] = [String(""), String("json"), String("/home/daniel/www/phpactor/docblock/composer.json")]
21:05:11 INFO main src/vim.rs:92 => Some("json") {"jsonrpc":"2.0","method":"textDocument/didSave","params":{"textDocument":{"uri":"file:///home/daniel/www/phpactor/docblock/composer.json"}}}
21:05:14 INFO reader-main src/vim.rs:380 <= None {"method": "languageClient/handleCursorMoved", "jsonrpc": "2.0", "params": {"languageId": "json", "line": 25, "LSP#visible_line_start()": 12, "LSP#visible_line_end()": 29, "buftype": "", "filename": "/home/daniel/www/phpactor/docblock/composer.json"}}
21:05:14 INFO main src/languageclient.rs:2235 Begin languageClient/handleCursorMoved
21:05:14 INFO main src/languageclient.rs:48 gather_args: [Buftype, Filename, Line] = [String(""), String("/home/daniel/www/phpactor/docblock/composer.json"), Number(25)]
21:05:14 INFO main src/languageclient.rs:48 gather_args: ["LSP#visible_line_start()", "LSP#visible_line_end()"] = [Number(12), Number(29)]
21:05:14 INFO main src/languageclient.rs:2325 End languageClient/handleCursorMoved
21:05:14 INFO reader-main src/vim.rs:380 <= None {"method": "languageClient/handleCursorMoved", "jsonrpc": "2.0", "params": {"languageId": "json", "line": 24, "LSP#visible_line_start()": 12, "LSP#visible_line_end()": 29, "buftype": "", "filename": "/home/daniel/www/phpactor/docblock/composer.json"}}
21:05:14 INFO main src/languageclient.rs:2235 Begin languageClient/handleCursorMoved
21:05:14 INFO main src/languageclient.rs:48 gather_args: [Buftype, Filename, Line] = [String(""), String("/home/daniel/www/phpactor/docblock/composer.json"), Number(24)]
21:05:14 INFO main src/languageclient.rs:48 gather_args: ["LSP#visible_line_start()", "LSP#visible_line_end()"] = [Number(12), Number(29)]
21:05:14 INFO main src/languageclient.rs:2325 End languageClient/handleCursorMoved
21:05:15 INFO reader-main src/vim.rs:380 <= None {"method": "languageClient/handleBufWritePost", "jsonrpc": "2.0", "params": {"languageId": "json", "buftype": "", "filename": "/home/daniel/www/phpactor/docblock/composer.json"}}
21:05:15 INFO main src/languageclient.rs:2213 Begin languageClient/handleBufWritePost
21:05:15 INFO main src/languageclient.rs:1830 Begin textDocument/didSave
21:05:15 INFO main src/languageclient.rs:48 gather_args: [Buftype, LanguageId, Filename] = [String(""), String("json"), String("/home/daniel/www/phpactor/docblock/composer.json")]
21:05:15 INFO main src/vim.rs:92 => Some("json") {"jsonrpc":"2.0","method":"textDocument/didSave","params":{"textDocument":{"uri":"file:///home/daniel/www/phpactor/docblock/composer.json"}}}
21:05:15 INFO reader-main src/vim.rs:380 <= None {"method": "languageClient/handleCursorMoved", "jsonrpc": "2.0", "params": {"languageId": "json", "line": 23, "LSP#visible_line_start()": 10, "LSP#visible_line_end()": 29, "buftype": "", "filename": "/home/daniel/www/phpactor/docblock/composer.json"}}
21:05:15 INFO main src/languageclient.rs:2235 Begin languageClient/handleCursorMoved
21:05:15 INFO main src/languageclient.rs:48 gather_args: [Buftype, Filename, Line] = [String(""), String("/home/daniel/www/phpactor/docblock/composer.json"), Number(23)]
21:05:15 INFO main src/languageclient.rs:48 gather_args: ["LSP#visible_line_start()", "LSP#visible_line_end()"] = [Number(10), Number(29)]
21:05:15 INFO main src/languageclient.rs:2325 End languageClient/handleCursorMoved
21:05:17 INFO reader-main src/vim.rs:380 <= None {"method": "languageClient/handleCursorMoved", "jsonrpc": "2.0", "params": {"languageId": "json", "line": 24, "LSP#visible_line_start()": 10, "LSP#visible_line_end()": 29, "buftype": "", "filename": "/home/daniel/www/phpactor/docblock/composer.json"}}
21:05:17 INFO main src/languageclient.rs:2235 Begin languageClient/handleCursorMoved
21:05:17 INFO main src/languageclient.rs:48 gather_args: [Buftype, Filename, Line] = [String(""), String("/home/daniel/www/phpactor/docblock/composer.json"), Number(24)]
21:05:17 INFO main src/languageclient.rs:48 gather_args: ["LSP#visible_line_start()", "LSP#visible_line_end()"] = [Number(10), Number(29)]
21:05:17 INFO main src/languageclient.rs:2325 End languageClient/handleCursorMoved
21:05:17 INFO reader-main src/vim.rs:380 <= None {"method": "languageClient/handleCursorMoved", "jsonrpc": "2.0", "params": {"languageId": "json", "line": 25, "LSP#visible_line_start()": 10, "LSP#visible_line_end()": 29, "buftype": "", "filename": "/home/daniel/www/phpactor/docblock/composer.json"}}
21:05:17 INFO main src/languageclient.rs:2235 Begin languageClient/handleCursorMoved
21:05:17 INFO main src/languageclient.rs:48 gather_args: [Buftype, Filename, Line] = [String(""), String("/home/daniel/www/phpactor/docblock/composer.json"), Number(25)]
21:05:17 INFO main src/languageclient.rs:48 gather_args: ["LSP#visible_line_start()", "LSP#visible_line_end()"] = [Number(10), Number(29)]
21:05:17 INFO main src/languageclient.rs:2325 End languageClient/handleCursorMoved
21:05:18 INFO reader-main src/vim.rs:380 <= None {"method": "languageClient/handleCursorMoved", "jsonrpc": "2.0", "params": {"languageId": "json", "line": 26, "LSP#visible_line_start()": 10, "LSP#visible_line_end()": 29, "buftype": "", "filename": "/home/daniel/www/phpactor/docblock/composer.json"}}
21:05:18 INFO main src/languageclient.rs:2235 Begin languageClient/handleCursorMoved
21:05:18 INFO main src/languageclient.rs:48 gather_args: [Buftype, Filename, Line] = [String(""), String("/home/daniel/www/phpactor/docblock/composer.json"), Number(26)]
21:05:18 INFO main src/languageclient.rs:48 gather_args: ["LSP#visible_line_start()", "LSP#visible_line_end()"] = [Number(10), Number(29)]
21:05:18 INFO main src/languageclient.rs:2325 End languageClient/handleCursorMoved
21:05:18 INFO reader-main src/vim.rs:380 <= None {"method": "languageClient/handleCursorMoved", "jsonrpc": "2.0", "params": {"languageId": "json", "line": 27, "LSP#visible_line_start()": 10, "LSP#visible_line_end()": 29, "buftype": "", "filename": "/home/daniel/www/phpactor/docblock/composer.json"}}
21:05:18 INFO main src/languageclient.rs:2235 Begin languageClient/handleCursorMoved
21:05:18 INFO main src/languageclient.rs:48 gather_args: [Buftype, Filename, Line] = [String(""), String("/home/daniel/www/phpactor/docblock/composer.json"), Number(27)]
21:05:18 INFO main src/languageclient.rs:48 gather_args: ["LSP#visible_line_start()", "LSP#visible_line_end()"] = [Number(10), Number(29)]
21:05:18 INFO main src/languageclient.rs:2325 End languageClient/handleCursorMoved
21:05:18 INFO reader-main src/vim.rs:380 <= None {"method": "languageClient/handleCursorMoved", "jsonrpc": "2.0", "params": {"languageId": "json", "line": 28, "LSP#visible_line_start()": 10, "LSP#visible_line_end()": 29, "buftype": "", "filename": "/home/daniel/www/phpactor/docblock/composer.json"}}
21:05:18 INFO main src/languageclient.rs:2235 Begin languageClient/handleCursorMoved
21:05:18 INFO main src/languageclient.rs:48 gather_args: [Buftype, Filename, Line] = [String(""), String("/home/daniel/www/phpactor/docblock/composer.json"), Number(28)]
21:05:18 INFO main src/languageclient.rs:48 gather_args: ["LSP#visible_line_start()", "LSP#visible_line_end()"] = [Number(10), Number(29)]
21:05:18 INFO main src/languageclient.rs:2325 End languageClient/handleCursorMoved
21:05:18 INFO reader-main src/vim.rs:380 <= None {"method": "languageClient/handleCursorMoved", "jsonrpc": "2.0", "params": {"languageId": "json", "line": 24, "LSP#visible_line_start()": 10, "LSP#visible_line_end()": 24, "buftype": "", "filename": "/home/daniel/www/phpactor/docblock/composer.json"}}
21:05:18 INFO main src/languageclient.rs:2235 Begin languageClient/handleCursorMoved
21:05:18 INFO main src/languageclient.rs:48 gather_args: [Buftype, Filename, Line] = [String(""), String("/home/daniel/www/phpactor/docblock/composer.json"), Number(24)]
21:05:18 INFO main src/languageclient.rs:48 gather_args: ["LSP#visible_line_start()", "LSP#visible_line_end()"] = [Number(10), Number(24)]
21:05:18 INFO main src/languageclient.rs:2325 End languageClient/handleCursorMoved
21:05:18 INFO reader-main src/vim.rs:380 <= None {"method": "languageClient/handleTextChanged", "jsonrpc": "2.0", "params": {"languageId": "json", "buftype": "", "filename": "/home/daniel/www/phpactor/docblock/composer.json"}}
21:05:18 INFO main src/languageclient.rs:2183 Begin languageClient/handleTextChanged
21:05:18 INFO main src/languageclient.rs:48 gather_args: [Buftype, Filename] = [String(""), String("/home/daniel/www/phpactor/docblock/composer.json")]
21:05:18 INFO main src/languageclient.rs:1760 Begin textDocument/didChange
21:05:18 INFO main src/languageclient.rs:48 gather_args: [Buftype, LanguageId, Filename] = [String(""), String("json"), String("/home/daniel/www/phpactor/docblock/composer.json")]
21:05:18 INFO main src/languageclient.rs:29 Some arguments are not available. Requesting from vim. Keys: ["text"]. Exps: ["LSP#text()"]
21:05:18 INFO main src/vim.rs:92 => None {"jsonrpc":"2.0","method":"eval","params":["[LSP#text()]"],"id":49}
21:05:18 INFO reader-main src/vim.rs:380 <= None {"id": 49, "jsonrpc": "2.0", "result": [["{", "    \"name\": \"phpactor/docblock\",", "    \"description\": \"Simple Docblock Parser\",", "    \"type\": \"library\",", "    \"autoload\": {", "        \"psr-4\": {", "            \"Phpactor\\\\Docblock\\\\\": \"lib/\"", "        }", "    },", "    \"autoload-dev\": {", "        \"psr-4\": {", "            \"Phpactor\\\\Docblock\\\\Tests\\\\\": \"tests/\"", "        }", "    },", "    \"require-dev\": {", "        \"phpunit/phpunit\": \"^6.5\"", "    },", "    \"authors\": [", "        {", "            \"name\": \"Daniel Leech\",", "            \"email\": \"daniel@dantleech.com\"", "        }", "    ],", "    \"license\": \"MIT\",", "}", ""]]}
21:05:18 INFO main src/languageclient.rs:48 gather_args: [Text] = [Array([String("{"), String("    \"name\": \"phpactor/docblock\","), String("    \"description\": \"Simple Docblock Parser\","), String("    \"type\": \"library\","), String("    \"autoload\": {"), String("        \"psr-4\": {"), String("            \"Phpactor\\\\Docblock\\\\\": \"lib/\""), String("        }"), String("    },"), String("    \"autoload-dev\": {"), String("        \"psr-4\": {"), String("            \"Phpactor\\\\Docblock\\\\Tests\\\\\": \"tests/\""), String("        }"), String("    },"), String("    \"require-dev\": {"), String("        \"phpunit/phpunit\": \"^6.5\""), String("    },"), String("    \"authors\": ["), String("        {"), String("            \"name\": \"Daniel Leech\","), String("            \"email\": \"daniel@dantleech.com\""), String("        }"), String("    ],"), String("    \"license\": \"MIT\","), String("}"), String("")])]
21:05:18 DEBUG main src/vim.rs:320 state.text_documents./home/daniel/www/phpactor/docblock/composer.json.version: 17 ==> 18
21:05:18 DEBUG main src/vim.rs:320 state.text_documents./home/daniel/www/phpactor/docblock/composer.json.text: "{\n    \"name\": \"phpactor/docblock\",\n    \"description\": \"Simple Docblock Parser\",\n    \"type\": \"library\",\n    \"autoload\": {\n        \"psr-4\": {\n            \"Phpactor\\\\Docblock\\\\\": \"lib/\"\n        }\n    },\n    \"autoload-dev\": {\n        \"psr-4\": {\n            \"Phpactor\\\\Docblock\\\\Tests\\\\\": \"tests/\"\n        }\n    },\n    \"require-dev\": {\n        \"phpunit/phpunit\": \"^6.5\"\n    },\n    \"authors\": [\n        {\n            \"name\": \"Daniel Leech\",\n            \"email\": \"daniel@dantleech.com\"\n        }\n    ],\n    \"license\": \"MIT\",\n    \"extra\": {\n        \"branch-alias\": {\n            \"dev-master\": \"1.0.x-dev\"\n        }\n    }\n}\n" ==> "{\n    \"name\": \"phpactor/docblock\",\n    \"description\": \"Simple Docblock Parser\",\n    \"type\": \"library\",\n    \"autoload\": {\n        \"psr-4\": {\n            \"Phpactor\\\\Docblock\\\\\": \"lib/\"\n        }\n    },\n    \"autoload-dev\": {\n        \"psr-4\": {\n            \"Phpactor\\\\Docblock\\\\Tests\\\\\": \"tests/\"\n        }\n    },\n    \"require-dev\": {\n        \"phpunit/phpunit\": \"^6.5\"\n    },\n    \"authors\": [\n        {\n            \"name\": \"Daniel Leech\",\n            \"email\": \"daniel@dantleech.com\"\n        }\n    ],\n    \"license\": \"MIT\",\n}\n"
21:05:18 INFO main src/vim.rs:92 => Some("json") {"jsonrpc":"2.0","method":"textDocument/didChange","params":{"contentChanges":[{"text":"{\n    \"name\": \"phpactor/docblock\",\n    \"description\": \"Simple Docblock Parser\",\n    \"type\": \"library\",\n    \"autoload\": {\n        \"psr-4\": {\n            \"Phpactor\\\\Docblock\\\\\": \"lib/\"\n        }\n    },\n    \"autoload-dev\": {\n        \"psr-4\": {\n            \"Phpactor\\\\Docblock\\\\Tests\\\\\": \"tests/\"\n        }\n    },\n    \"require-dev\": {\n        \"phpunit/phpunit\": \"^6.5\"\n    },\n    \"authors\": [\n        {\n            \"name\": \"Daniel Leech\",\n            \"email\": \"daniel@dantleech.com\"\n        }\n    ],\n    \"license\": \"MIT\",\n}\n"}],"textDocument":{"uri":"file:///home/daniel/www/phpactor/docblock/composer.json","version":18}}}
21:05:18 INFO reader-main src/vim.rs:380 <= None {"method": "languageClient/handleCursorMoved", "jsonrpc": "2.0", "params": {"languageId": "json", "line": 23, "LSP#visible_line_start()": 10, "LSP#visible_line_end()": 24, "buftype": "", "filename": "/home/daniel/www/phpactor/docblock/composer.json"}}
21:05:18 INFO main src/languageclient.rs:2235 Begin languageClient/handleCursorMoved
21:05:18 INFO main src/languageclient.rs:48 gather_args: [Buftype, Filename, Line] = [String(""), String("/home/daniel/www/phpactor/docblock/composer.json"), Number(23)]
21:05:18 INFO main src/languageclient.rs:48 gather_args: ["LSP#visible_line_start()", "LSP#visible_line_end()"] = [Number(10), Number(24)]
21:05:18 INFO main src/languageclient.rs:2325 End languageClient/handleCursorMoved
21:05:18 INFO reader-main src/vim.rs:380 <= None {"method": "languageClient/handleTextChanged", "jsonrpc": "2.0", "params": {"languageId": "json", "buftype": "", "filename": "/home/daniel/www/phpactor/docblock/composer.json"}}
21:05:18 INFO main src/languageclient.rs:2183 Begin languageClient/handleTextChanged
21:05:18 INFO main src/languageclient.rs:48 gather_args: [Buftype, Filename] = [String(""), String("/home/daniel/www/phpactor/docblock/composer.json")]
21:05:18 INFO main src/languageclient.rs:1760 Begin textDocument/didChange
21:05:18 INFO main src/languageclient.rs:48 gather_args: [Buftype, LanguageId, Filename] = [String(""), String("json"), String("/home/daniel/www/phpactor/docblock/composer.json")]
21:05:18 INFO main src/languageclient.rs:29 Some arguments are not available. Requesting from vim. Keys: ["text"]. Exps: ["LSP#text()"]
21:05:18 INFO main src/vim.rs:92 => None {"jsonrpc":"2.0","method":"eval","params":["[LSP#text()]"],"id":50}
21:05:18 INFO reader-main src/vim.rs:380 <= None {"id": 50, "jsonrpc": "2.0", "result": [["{", "    \"name\": \"phpactor/docblock\",", "    \"description\": \"Simple Docblock Parser\",", "    \"type\": \"library\",", "    \"autoload\": {", "        \"psr-4\": {", "            \"Phpactor\\\\Docblock\\\\\": \"lib/\"", "        }", "    },", "    \"autoload-dev\": {", "        \"psr-4\": {", "            \"Phpactor\\\\Docblock\\\\Tests\\\\\": \"tests/\"", "        }", "    },", "    \"require-dev\": {", "        \"phpunit/phpunit\": \"^6.5\"", "    },", "    \"authors\": [", "        {", "            \"name\": \"Daniel Leech\",", "            \"email\": \"daniel@dantleech.com\"", "        }", "    ],", "    \"license\": \"MIT\"", "}", ""]]}
21:05:18 INFO main src/languageclient.rs:48 gather_args: [Text] = [Array([String("{"), String("    \"name\": \"phpactor/docblock\","), String("    \"description\": \"Simple Docblock Parser\","), String("    \"type\": \"library\","), String("    \"autoload\": {"), String("        \"psr-4\": {"), String("            \"Phpactor\\\\Docblock\\\\\": \"lib/\""), String("        }"), String("    },"), String("    \"autoload-dev\": {"), String("        \"psr-4\": {"), String("            \"Phpactor\\\\Docblock\\\\Tests\\\\\": \"tests/\""), String("        }"), String("    },"), String("    \"require-dev\": {"), String("        \"phpunit/phpunit\": \"^6.5\""), String("    },"), String("    \"authors\": ["), String("        {"), String("            \"name\": \"Daniel Leech\","), String("            \"email\": \"daniel@dantleech.com\""), String("        }"), String("    ],"), String("    \"license\": \"MIT\""), String("}"), String("")])]
21:05:18 DEBUG main src/vim.rs:320 state.text_documents./home/daniel/www/phpactor/docblock/composer.json.text: "{\n    \"name\": \"phpactor/docblock\",\n    \"description\": \"Simple Docblock Parser\",\n    \"type\": \"library\",\n    \"autoload\": {\n        \"psr-4\": {\n            \"Phpactor\\\\Docblock\\\\\": \"lib/\"\n        }\n    },\n    \"autoload-dev\": {\n        \"psr-4\": {\n            \"Phpactor\\\\Docblock\\\\Tests\\\\\": \"tests/\"\n        }\n    },\n    \"require-dev\": {\n        \"phpunit/phpunit\": \"^6.5\"\n    },\n    \"authors\": [\n        {\n            \"name\": \"Daniel Leech\",\n            \"email\": \"daniel@dantleech.com\"\n        }\n    ],\n    \"license\": \"MIT\",\n}\n" ==> "{\n    \"name\": \"phpactor/docblock\",\n    \"description\": \"Simple Docblock Parser\",\n    \"type\": \"library\",\n    \"autoload\": {\n        \"psr-4\": {\n            \"Phpactor\\\\Docblock\\\\\": \"lib/\"\n        }\n    },\n    \"autoload-dev\": {\n        \"psr-4\": {\n            \"Phpactor\\\\Docblock\\\\Tests\\\\\": \"tests/\"\n        }\n    },\n    \"require-dev\": {\n        \"phpunit/phpunit\": \"^6.5\"\n    },\n    \"authors\": [\n        {\n            \"name\": \"Daniel Leech\",\n            \"email\": \"daniel@dantleech.com\"\n        }\n    ],\n    \"license\": \"MIT\"\n}\n"
21:05:18 DEBUG main src/vim.rs:320 state.text_documents./home/daniel/www/phpactor/docblock/composer.json.version: 18 ==> 19
21:05:18 INFO main src/vim.rs:92 => Some("json") {"jsonrpc":"2.0","method":"textDocument/didChange","params":{"contentChanges":[{"text":"{\n    \"name\": \"phpactor/docblock\",\n    \"description\": \"Simple Docblock Parser\",\n    \"type\": \"library\",\n    \"autoload\": {\n        \"psr-4\": {\n            \"Phpactor\\\\Docblock\\\\\": \"lib/\"\n        }\n    },\n    \"autoload-dev\": {\n        \"psr-4\": {\n            \"Phpactor\\\\Docblock\\\\Tests\\\\\": \"tests/\"\n        }\n    },\n    \"require-dev\": {\n        \"phpunit/phpunit\": \"^6.5\"\n    },\n    \"authors\": [\n        {\n            \"name\": \"Daniel Leech\",\n            \"email\": \"daniel@dantleech.com\"\n        }\n    ],\n    \"license\": \"MIT\"\n}\n"}],"textDocument":{"uri":"file:///home/daniel/www/phpactor/docblock/composer.json","version":19}}}
21:05:19 INFO reader-main src/vim.rs:380 <= None {"method": "languageClient/handleBufWritePost", "jsonrpc": "2.0", "params": {"languageId": "json", "buftype": "", "filename": "/home/daniel/www/phpactor/docblock/composer.json"}}
21:05:19 INFO main src/languageclient.rs:2213 Begin languageClient/handleBufWritePost
21:05:19 INFO main src/languageclient.rs:1830 Begin textDocument/didSave
21:05:19 INFO main src/languageclient.rs:48 gather_args: [Buftype, LanguageId, Filename] = [String(""), String("json"), String("/home/daniel/www/phpactor/docblock/composer.json")]
21:05:19 INFO main src/vim.rs:92 => Some("json") {"jsonrpc":"2.0","method":"textDocument/didSave","params":{"textDocument":{"uri":"file:///home/daniel/www/phpactor/docblock/composer.json"}}}
21:05:32 INFO reader-main src/vim.rs:380 <= None {"method": "languageClient/handleCursorMoved", "jsonrpc": "2.0", "params": {"languageId": "markdown", "line": 11, "LSP#visible_line_start()": 0, "LSP#visible_line_end()": 22, "buftype": "", "filename": "/home/daniel/www/phpactor/docblock/README.md"}}
21:05:32 INFO main src/languageclient.rs:2235 Begin languageClient/handleCursorMoved
21:05:32 INFO main src/languageclient.rs:48 gather_args: [Buftype, Filename, Line] = [String(""), String("/home/daniel/www/phpactor/docblock/README.md"), Number(11)]
21:05:32 INFO main src/languageclient.rs:48 gather_args: ["LSP#visible_line_start()", "LSP#visible_line_end()"] = [Number(0), Number(22)]
21:05:32 INFO main src/languageclient.rs:2325 End languageClient/handleCursorMoved
21:07:32 INFO reader-main src/vim.rs:380 <= None {"method": "languageClient/handleCursorMoved", "jsonrpc": "2.0", "params": {"languageId": "json", "line": 23, "LSP#visible_line_start()": 0, "LSP#visible_line_end()": 24, "buftype": "", "filename": "/home/daniel/www/phpactor/docblock/composer.json"}}
21:07:32 INFO main src/languageclient.rs:2235 Begin languageClient/handleCursorMoved
21:07:32 INFO main src/languageclient.rs:48 gather_args: [Buftype, Filename, Line] = [String(""), String("/home/daniel/www/phpactor/docblock/composer.json"), Number(23)]
21:07:32 INFO main src/languageclient.rs:48 gather_args: ["LSP#visible_line_start()", "LSP#visible_line_end()"] = [Number(0), Number(24)]
21:07:32 INFO main src/languageclient.rs:2325 End languageClient/handleCursorMoved
21:07:35 INFO reader-main src/vim.rs:380 <= None {"method": "languageClient/handleBufWritePost", "jsonrpc": "2.0", "params": {"languageId": "json", "buftype": "", "filename": "/home/daniel/www/phpactor/docblock/composer.json"}}
21:07:35 INFO main src/languageclient.rs:2213 Begin languageClient/handleBufWritePost
21:07:35 INFO main src/languageclient.rs:1830 Begin textDocument/didSave
21:07:35 INFO main src/languageclient.rs:48 gather_args: [Buftype, LanguageId, Filename] = [String(""), String("json"), String("/home/daniel/www/phpactor/docblock/composer.json")]
21:07:35 INFO main src/vim.rs:92 => Some("json") {"jsonrpc":"2.0","method":"textDocument/didSave","params":{"textDocument":{"uri":"file:///home/daniel/www/phpactor/docblock/composer.json"}}}
